<html xmlns:tp="http://schemas.datacontract.org/2004/07/Microsoft.VisualStudio.TestPlatform.Extensions.HtmlLogger.ObjectModel" xmlns:a="http://schemas.microsoft.com/2003/10/Serialization/Arrays" xmlns:msxsl="urn:schemas-microsoft-com:xslt">
  <body>
    <h1>Test run details</h1>
    <div class="summary">
      <div class="block"><span>Total tests</span><div class="total-tests">63</div><br></div>
      <div class="block"><span>Passed  : </span><span class="passedTests">3</span><br><span>Failed  : </span><span class="failedTests">60</span><br><span>Skipped : </span><span class="skippedTests">0</span><br></div>
      <div class="block"><span>Pass percentage</span><div class="pass-percentage">4 %</div><br></div>
      <div class="block"><span>Run duration</span><div class="test-run-time">5s 480ms</div><br></div><br></div>
    <h2>Failed Results</h2>
    <div class="list-row" onclick="ToggleClass('-1433326784-failedResult')">C:\Users\lerwi\Git\FsInfoCat\FsInfoCat\FsInfoCat.UnitTests\bin\Debug\net5.0-windows\FsInfoCat.UnitTests.dll</div>
    <div class="inner-row" Id="-1433326784-failedResult" style="display:block;">
      <div class="leaf-division">
        <div><span class="fail">✘</span><span> FsInfoCat.UnitTests.LocalContentInfoUnitTest.ContentInfoAddRemoveTestMethod</span><div class="duration"><span>89ms</span><br></div>
        </div>
        <div class="error-info">
    Error: <span class="error-message"><pre>Assert.Inconclusive failed. Test not implemented</pre></span><br>
    Stack trace: <span class="error-stack-trace"><pre>   at FsInfoCat.UnitTests.LocalContentInfoUnitTest.ContentInfoAddRemoveTestMethod() in C:\Users\lerwi\Git\FsInfoCat\FsInfoCat\FsInfoCat.UnitTests\LocalContentInfoUnitTest.cs:line 27
</pre></span><br></div>
      </div>
      <div class="leaf-division">
        <div><span class="fail">✘</span><span> FsInfoCat.UnitTests.LocalContentInfoUnitTest.ContentInfoHashTestMethod</span><div class="duration"><span>1ms</span><br></div>
        </div>
        <div class="error-info">
    Error: <span class="error-message"><pre>Assert.Inconclusive failed. Test not implemented</pre></span><br>
    Stack trace: <span class="error-stack-trace"><pre>   at FsInfoCat.UnitTests.LocalContentInfoUnitTest.ContentInfoHashTestMethod() in C:\Users\lerwi\Git\FsInfoCat\FsInfoCat\FsInfoCat.UnitTests\LocalContentInfoUnitTest.cs:line 61
</pre></span><br></div>
      </div>
      <div class="leaf-division">
        <div><span class="fail">✘</span><span> FsInfoCat.UnitTests.LocalContentInfoUnitTest.ContentInfoLengthTestMethod</span><div class="duration"><span>2ms</span><br></div>
        </div>
        <div class="error-info">
    Error: <span class="error-message"><pre>Assert.Inconclusive failed. Test not implemented</pre></span><br>
    Stack trace: <span class="error-stack-trace"><pre>   at FsInfoCat.UnitTests.LocalContentInfoUnitTest.ContentInfoLengthTestMethod() in C:\Users\lerwi\Git\FsInfoCat\FsInfoCat\FsInfoCat.UnitTests\LocalContentInfoUnitTest.cs:line 89
</pre></span><br></div>
      </div>
      <div class="leaf-division">
        <div><span class="fail">✘</span><span> FsInfoCat.UnitTests.LocalContentInfoUnitTest.ContentInfoCreatedOnTestMethod</span><div class="duration"><span>2ms</span><br></div>
        </div>
        <div class="error-info">
    Error: <span class="error-message"><pre>Assert.Inconclusive failed. Test not implemented</pre></span><br>
    Stack trace: <span class="error-stack-trace"><pre>   at FsInfoCat.UnitTests.LocalContentInfoUnitTest.ContentInfoCreatedOnTestMethod() in C:\Users\lerwi\Git\FsInfoCat\FsInfoCat\FsInfoCat.UnitTests\LocalContentInfoUnitTest.cs:line 134
</pre></span><br></div>
      </div>
      <div class="leaf-division">
        <div><span class="fail">✘</span><span> FsInfoCat.UnitTests.LocalContentInfoUnitTest.ContentInfoLastSynchronizedOnTestMethod</span><div class="duration"><span>3ms</span><br></div>
        </div>
        <div class="error-info">
    Error: <span class="error-message"><pre>Assert.Inconclusive failed. Test not implemented</pre></span><br>
    Stack trace: <span class="error-stack-trace"><pre>   at FsInfoCat.UnitTests.LocalContentInfoUnitTest.ContentInfoLastSynchronizedOnTestMethod() in C:\Users\lerwi\Git\FsInfoCat\FsInfoCat\FsInfoCat.UnitTests\LocalContentInfoUnitTest.cs:line 173
</pre></span><br></div>
      </div>
      <div class="leaf-division">
        <div><span class="fail">✘</span><span> FsInfoCat.UnitTests.LocalDbFileUnitTest.DbFileAddRemoveTestMethod</span><div class="duration"><span>1s 492ms</span><br></div>
        </div>
        <div class="error-info">
    Error: <span class="error-message"><pre>Assert.IsTrue failed. </pre></span><br>
    Stack trace: <span class="error-stack-trace"><pre>   at FsInfoCat.UnitTests.LocalDbFileUnitTest.DbFileAddRemoveTestMethod() in C:\Users\lerwi\Git\FsInfoCat\FsInfoCat\FsInfoCat.UnitTests\LocalDbFileUnitTest.cs:line 47
</pre></span><br></div>
      </div>
      <div class="leaf-division">
        <div><span class="fail">✘</span><span> FsInfoCat.UnitTests.LocalDbFileUnitTest.DbFileContentInfoTestMethod</span><div class="duration"><span>2ms</span><br></div>
        </div>
        <div class="error-info">
    Error: <span class="error-message"><pre>Assert.Inconclusive failed. Test not implemented</pre></span><br>
    Stack trace: <span class="error-stack-trace"><pre>   at FsInfoCat.UnitTests.LocalDbFileUnitTest.DbFileContentInfoTestMethod() in C:\Users\lerwi\Git\FsInfoCat\FsInfoCat\FsInfoCat.UnitTests\LocalDbFileUnitTest.cs:line 76
</pre></span><br></div>
      </div>
      <div class="leaf-division">
        <div><span class="fail">✘</span><span> FsInfoCat.UnitTests.LocalDbFileUnitTest.DbFileNameTestMethod</span><div class="duration"><span>2ms</span><br></div>
        </div>
        <div class="error-info">
    Error: <span class="error-message"><pre>Assert.Inconclusive failed. Test not implemented</pre></span><br>
    Stack trace: <span class="error-stack-trace"><pre>   at FsInfoCat.UnitTests.LocalDbFileUnitTest.DbFileNameTestMethod() in C:\Users\lerwi\Git\FsInfoCat\FsInfoCat\FsInfoCat.UnitTests\LocalDbFileUnitTest.cs:line 122
</pre></span><br></div>
      </div>
      <div class="leaf-division">
        <div><span class="fail">✘</span><span> FsInfoCat.UnitTests.LocalDbFileUnitTest.DbFileParentTestMethod</span><div class="duration"><span>2ms</span><br></div>
        </div>
        <div class="error-info">
    Error: <span class="error-message"><pre>Assert.Inconclusive failed. Test not implemented</pre></span><br>
    Stack trace: <span class="error-stack-trace"><pre>   at FsInfoCat.UnitTests.LocalDbFileUnitTest.DbFileParentTestMethod() in C:\Users\lerwi\Git\FsInfoCat\FsInfoCat\FsInfoCat.UnitTests\LocalDbFileUnitTest.cs:line 170
</pre></span><br></div>
      </div>
      <div class="leaf-division">
        <div><span class="fail">✘</span><span> FsInfoCat.UnitTests.LocalDbFileUnitTest.DbFileOptionsTestMethod</span><div class="duration"><span>2ms</span><br></div>
        </div>
        <div class="error-info">
    Error: <span class="error-message"><pre>Assert.Inconclusive failed. Test not implemented</pre></span><br>
    Stack trace: <span class="error-stack-trace"><pre>   at FsInfoCat.UnitTests.LocalDbFileUnitTest.DbFileOptionsTestMethod() in C:\Users\lerwi\Git\FsInfoCat\FsInfoCat\FsInfoCat.UnitTests\LocalDbFileUnitTest.cs:line 216
</pre></span><br></div>
      </div>
      <div class="leaf-division">
        <div><span class="fail">✘</span><span> FsInfoCat.UnitTests.LocalDbFileUnitTest.DbFileCreatedOnTestMethod</span><div class="duration"><span>2ms</span><br></div>
        </div>
        <div class="error-info">
    Error: <span class="error-message"><pre>Assert.Inconclusive failed. Test not implemented</pre></span><br>
    Stack trace: <span class="error-stack-trace"><pre>   at FsInfoCat.UnitTests.LocalDbFileUnitTest.DbFileCreatedOnTestMethod() in C:\Users\lerwi\Git\FsInfoCat\FsInfoCat\FsInfoCat.UnitTests\LocalDbFileUnitTest.cs:line 261
</pre></span><br></div>
      </div>
      <div class="leaf-division">
        <div><span class="fail">✘</span><span> FsInfoCat.UnitTests.LocalDbFileUnitTest.DbFileLastSynchronizedOnTestMethod</span><div class="duration"><span>4ms</span><br></div>
        </div>
        <div class="error-info">
    Error: <span class="error-message"><pre>Assert.Inconclusive failed. Test not implemented</pre></span><br>
    Stack trace: <span class="error-stack-trace"><pre>   at FsInfoCat.UnitTests.LocalDbFileUnitTest.DbFileLastSynchronizedOnTestMethod() in C:\Users\lerwi\Git\FsInfoCat\FsInfoCat\FsInfoCat.UnitTests\LocalDbFileUnitTest.cs:line 300
</pre></span><br></div>
      </div>
      <div class="leaf-division">
        <div><span class="fail">✘</span><span> FsInfoCat.UnitTests.LocalExtendedPropertiesUnitTest.ExtendedPropertiesAddRemoveTestMethod</span><div class="duration"><span>3ms</span><br></div>
        </div>
        <div class="error-info">
    Error: <span class="error-message"><pre>Assert.Inconclusive failed. Test not implemented</pre></span><br>
    Stack trace: <span class="error-stack-trace"><pre>   at FsInfoCat.UnitTests.LocalExtendedPropertiesUnitTest.ExtendedPropertiesAddRemoveTestMethod() in C:\Users\lerwi\Git\FsInfoCat\FsInfoCat\FsInfoCat.UnitTests\LocalExtendedPropertiesUnitTest.cs:line 27
</pre></span><br></div>
      </div>
      <div class="leaf-division">
        <div><span class="fail">✘</span><span> FsInfoCat.UnitTests.LocalExtendedPropertiesUnitTest.ExtendedPropertiesHeightTestMethod</span><div class="duration"><span>1ms</span><br></div>
        </div>
        <div class="error-info">
    Error: <span class="error-message"><pre>Assert.Inconclusive failed. Test not implemented</pre></span><br>
    Stack trace: <span class="error-stack-trace"><pre>   at FsInfoCat.UnitTests.LocalExtendedPropertiesUnitTest.ExtendedPropertiesHeightTestMethod() in C:\Users\lerwi\Git\FsInfoCat\FsInfoCat\FsInfoCat.UnitTests\LocalExtendedPropertiesUnitTest.cs:line 85
</pre></span><br></div>
      </div>
      <div class="leaf-division">
        <div><span class="fail">✘</span><span> FsInfoCat.UnitTests.LocalExtendedPropertiesUnitTest.ExtendedPropertiesWidthTestMethod</span><div class="duration"><span>3ms</span><br></div>
        </div>
        <div class="error-info">
    Error: <span class="error-message"><pre>Assert.Inconclusive failed. Test not implemented</pre></span><br>
    Stack trace: <span class="error-stack-trace"><pre>   at FsInfoCat.UnitTests.LocalExtendedPropertiesUnitTest.ExtendedPropertiesWidthTestMethod() in C:\Users\lerwi\Git\FsInfoCat\FsInfoCat\FsInfoCat.UnitTests\LocalExtendedPropertiesUnitTest.cs:line 113
</pre></span><br></div>
      </div>
      <div class="leaf-division">
        <div><span class="fail">✘</span><span> FsInfoCat.UnitTests.LocalExtendedPropertiesUnitTest.ExtendedPropertiesCreatedOnTestMethod</span><div class="duration"><span>3ms</span><br></div>
        </div>
        <div class="error-info">
    Error: <span class="error-message"><pre>Assert.Inconclusive failed. Test not implemented</pre></span><br>
    Stack trace: <span class="error-stack-trace"><pre>   at FsInfoCat.UnitTests.LocalExtendedPropertiesUnitTest.ExtendedPropertiesCreatedOnTestMethod() in C:\Users\lerwi\Git\FsInfoCat\FsInfoCat\FsInfoCat.UnitTests\LocalExtendedPropertiesUnitTest.cs:line 158
</pre></span><br></div>
      </div>
      <div class="leaf-division">
        <div><span class="fail">✘</span><span> FsInfoCat.UnitTests.LocalExtendedPropertiesUnitTest.ExtendedPropertiesLastSynchronizedOnTestMethod</span><div class="duration"><span>4ms</span><br></div>
        </div>
        <div class="error-info">
    Error: <span class="error-message"><pre>Assert.Inconclusive failed. Test not implemented</pre></span><br>
    Stack trace: <span class="error-stack-trace"><pre>   at FsInfoCat.UnitTests.LocalExtendedPropertiesUnitTest.ExtendedPropertiesLastSynchronizedOnTestMethod() in C:\Users\lerwi\Git\FsInfoCat\FsInfoCat\FsInfoCat.UnitTests\LocalExtendedPropertiesUnitTest.cs:line 197
</pre></span><br></div>
      </div>
      <div class="leaf-division">
        <div><span class="fail">✘</span><span> FsInfoCat.UnitTests.LocalFileComparisonUnitTest.FileComparisonAddRemoveTestMethod</span><div class="duration"><span>2ms</span><br></div>
        </div>
        <div class="error-info">
    Error: <span class="error-message"><pre>Assert.Inconclusive failed. Test not implemented</pre></span><br>
    Stack trace: <span class="error-stack-trace"><pre>   at FsInfoCat.UnitTests.LocalFileComparisonUnitTest.FileComparisonAddRemoveTestMethod() in C:\Users\lerwi\Git\FsInfoCat\FsInfoCat\FsInfoCat.UnitTests\LocalFileComparisonUnitTest.cs:line 27
</pre></span><br></div>
      </div>
      <div class="leaf-division">
        <div><span class="fail">✘</span><span> FsInfoCat.UnitTests.LocalFileComparisonUnitTest.FileComparisonSourceFileTestMethod</span><div class="duration"><span>3ms</span><br></div>
        </div>
        <div class="error-info">
    Error: <span class="error-message"><pre>Assert.Inconclusive failed. Test not implemented</pre></span><br>
    Stack trace: <span class="error-stack-trace"><pre>   at FsInfoCat.UnitTests.LocalFileComparisonUnitTest.FileComparisonSourceFileTestMethod() in C:\Users\lerwi\Git\FsInfoCat\FsInfoCat\FsInfoCat.UnitTests\LocalFileComparisonUnitTest.cs:line 60
</pre></span><br></div>
      </div>
      <div class="leaf-division">
        <div><span class="fail">✘</span><span> FsInfoCat.UnitTests.LocalFileComparisonUnitTest.FileComparisonTargetFileTestMethod</span><div class="duration"><span>3ms</span><br></div>
        </div>
        <div class="error-info">
    Error: <span class="error-message"><pre>Assert.Inconclusive failed. Test not implemented</pre></span><br>
    Stack trace: <span class="error-stack-trace"><pre>   at FsInfoCat.UnitTests.LocalFileComparisonUnitTest.FileComparisonTargetFileTestMethod() in C:\Users\lerwi\Git\FsInfoCat\FsInfoCat\FsInfoCat.UnitTests\LocalFileComparisonUnitTest.cs:line 105
</pre></span><br></div>
      </div>
      <div class="leaf-division">
        <div><span class="fail">✘</span><span> FsInfoCat.UnitTests.LocalFileComparisonUnitTest.FileComparisonCreatedOnTestMethod</span><div class="duration"><span>3ms</span><br></div>
        </div>
        <div class="error-info">
    Error: <span class="error-message"><pre>Assert.Inconclusive failed. Test not implemented</pre></span><br>
    Stack trace: <span class="error-stack-trace"><pre>   at FsInfoCat.UnitTests.LocalFileComparisonUnitTest.FileComparisonCreatedOnTestMethod() in C:\Users\lerwi\Git\FsInfoCat\FsInfoCat\FsInfoCat.UnitTests\LocalFileComparisonUnitTest.cs:line 150
</pre></span><br></div>
      </div>
      <div class="leaf-division">
        <div><span class="fail">✘</span><span> FsInfoCat.UnitTests.LocalFileComparisonUnitTest.FileComparisonLastSynchronizedOnTestMethod</span><div class="duration"><span>4ms</span><br></div>
        </div>
        <div class="error-info">
    Error: <span class="error-message"><pre>Assert.Inconclusive failed. Test not implemented</pre></span><br>
    Stack trace: <span class="error-stack-trace"><pre>   at FsInfoCat.UnitTests.LocalFileComparisonUnitTest.FileComparisonLastSynchronizedOnTestMethod() in C:\Users\lerwi\Git\FsInfoCat\FsInfoCat\FsInfoCat.UnitTests\LocalFileComparisonUnitTest.cs:line 189
</pre></span><br></div>
      </div>
      <div class="leaf-division">
        <div><span class="fail">✘</span><span> FsInfoCat.UnitTests.LocalFileSystemUnitTest.FileSystemAddRemoveTestMethod</span><div class="duration"><span>405ms</span><br></div>
        </div>
        <div class="error-info">
    Error: <span class="error-message"><pre>Test method FsInfoCat.UnitTests.LocalFileSystemUnitTest.FileSystemAddRemoveTestMethod threw exception: 
System.ComponentModel.DataAnnotations.ValidationException: Name is required.</pre></span><br>
    Stack trace: <span class="error-stack-trace"><pre>    at System.ComponentModel.DataAnnotations.Validator.ValidationError.ThrowValidationException()
   at System.ComponentModel.DataAnnotations.Validator.ValidateObject(Object instance, ValidationContext validationContext, Boolean validateAllProperties)
   at FsInfoCat.Local.LocalDbContext.SaveChanges() in C:\Users\lerwi\Git\FsInfoCat\FsInfoCat\FsInfoCat.Local\LocalDbContext.cs:line 99
   at FsInfoCat.UnitTests.LocalFileSystemUnitTest.FileSystemAddRemoveTestMethod() in C:\Users\lerwi\Git\FsInfoCat\FsInfoCat\FsInfoCat.UnitTests\LocalFileSystemUnitTest.cs:line 40
</pre></span><br></div>
      </div>
      <div class="leaf-division">
        <div><span class="fail">✘</span><span> FsInfoCat.UnitTests.LocalFileSystemUnitTest.FileSystemDefaultDriveTypeTestMethod</span><div class="duration"><span>25ms</span><br></div>
        </div>
        <div class="error-info">
    Error: <span class="error-message"><pre>Test method FsInfoCat.UnitTests.LocalFileSystemUnitTest.FileSystemDefaultDriveTypeTestMethod threw exception: 
System.ComponentModel.DataAnnotations.ValidationException: Name is required.</pre></span><br>
    Stack trace: <span class="error-stack-trace"><pre>    at System.ComponentModel.DataAnnotations.Validator.ValidationError.ThrowValidationException()
   at System.ComponentModel.DataAnnotations.Validator.ValidateObject(Object instance, ValidationContext validationContext, Boolean validateAllProperties)
   at FsInfoCat.Local.LocalDbContext.SaveChanges() in C:\Users\lerwi\Git\FsInfoCat\FsInfoCat\FsInfoCat.Local\LocalDbContext.cs:line 99
   at FsInfoCat.UnitTests.LocalFileSystemUnitTest.FileSystemDefaultDriveTypeTestMethod() in C:\Users\lerwi\Git\FsInfoCat\FsInfoCat\FsInfoCat.UnitTests\LocalFileSystemUnitTest.cs:line 86
</pre></span><br></div>
      </div>
      <div class="leaf-division">
        <div><span class="fail">✘</span><span> FsInfoCat.UnitTests.LocalFileSystemUnitTest.FileSystemDisplayNameTestMethod</span><div class="duration"><span>27ms</span><br></div>
        </div>
        <div class="error-info">
    Error: <span class="error-message"><pre>Test method FsInfoCat.UnitTests.LocalFileSystemUnitTest.FileSystemDisplayNameTestMethod threw exception: 
System.ComponentModel.DataAnnotations.ValidationException: Name is required.</pre></span><br>
    Stack trace: <span class="error-stack-trace"><pre>    at System.ComponentModel.DataAnnotations.Validator.ValidationError.ThrowValidationException()
   at System.ComponentModel.DataAnnotations.Validator.ValidateObject(Object instance, ValidationContext validationContext, Boolean validateAllProperties)
   at FsInfoCat.Local.LocalDbContext.SaveChanges() in C:\Users\lerwi\Git\FsInfoCat\FsInfoCat\FsInfoCat.Local\LocalDbContext.cs:line 99
   at FsInfoCat.UnitTests.LocalFileSystemUnitTest.FileSystemDisplayNameTestMethod() in C:\Users\lerwi\Git\FsInfoCat\FsInfoCat\FsInfoCat.UnitTests\LocalFileSystemUnitTest.cs:line 134
</pre></span><br></div>
      </div>
      <div class="leaf-division">
        <div><span class="fail">✘</span><span> FsInfoCat.UnitTests.LocalFileSystemUnitTest.FileSystemMaxNameLengthTestMethod</span><div class="duration"><span>26ms</span><br></div>
        </div>
        <div class="error-info">
    Error: <span class="error-message"><pre>Test method FsInfoCat.UnitTests.LocalFileSystemUnitTest.FileSystemMaxNameLengthTestMethod threw exception: 
System.ComponentModel.DataAnnotations.ValidationException: Name is required.</pre></span><br>
    Stack trace: <span class="error-stack-trace"><pre>    at System.ComponentModel.DataAnnotations.Validator.ValidationError.ThrowValidationException()
   at System.ComponentModel.DataAnnotations.Validator.ValidateObject(Object instance, ValidationContext validationContext, Boolean validateAllProperties)
   at FsInfoCat.Local.LocalDbContext.SaveChanges() in C:\Users\lerwi\Git\FsInfoCat\FsInfoCat\FsInfoCat.Local\LocalDbContext.cs:line 99
   at FsInfoCat.UnitTests.LocalFileSystemUnitTest.FileSystemMaxNameLengthTestMethod() in C:\Users\lerwi\Git\FsInfoCat\FsInfoCat\FsInfoCat.UnitTests\LocalFileSystemUnitTest.cs:line 234
</pre></span><br></div>
      </div>
      <div class="leaf-division">
        <div><span class="fail">✘</span><span> FsInfoCat.UnitTests.LocalFileSystemUnitTest.FileSystemCreatedOnTestMethod</span><div class="duration"><span>6ms</span><br></div>
        </div>
        <div class="error-info">
    Error: <span class="error-message"><pre>Test method FsInfoCat.UnitTests.LocalFileSystemUnitTest.FileSystemCreatedOnTestMethod threw exception: 
System.ComponentModel.DataAnnotations.ValidationException: Name is required.</pre></span><br>
    Stack trace: <span class="error-stack-trace"><pre>    at System.ComponentModel.DataAnnotations.Validator.ValidationError.ThrowValidationException()
   at System.ComponentModel.DataAnnotations.Validator.ValidateObject(Object instance, ValidationContext validationContext, Boolean validateAllProperties)
   at FsInfoCat.Local.LocalDbContext.SaveChanges() in C:\Users\lerwi\Git\FsInfoCat\FsInfoCat\FsInfoCat.Local\LocalDbContext.cs:line 99
   at FsInfoCat.UnitTests.LocalFileSystemUnitTest.FileSystemCreatedOnTestMethod() in C:\Users\lerwi\Git\FsInfoCat\FsInfoCat\FsInfoCat.UnitTests\LocalFileSystemUnitTest.cs:line 275
</pre></span><br></div>
      </div>
      <div class="leaf-division">
        <div><span class="fail">✘</span><span> FsInfoCat.UnitTests.LocalFileSystemUnitTest.FileSystemLastSynchronizedOnTestMethod</span><div class="duration"><span>15ms</span><br></div>
        </div>
        <div class="error-info">
    Error: <span class="error-message"><pre>Test method FsInfoCat.UnitTests.LocalFileSystemUnitTest.FileSystemLastSynchronizedOnTestMethod threw exception: 
System.ComponentModel.DataAnnotations.ValidationException: Name is required.</pre></span><br>
    Stack trace: <span class="error-stack-trace"><pre>    at System.ComponentModel.DataAnnotations.Validator.ValidationError.ThrowValidationException()
   at System.ComponentModel.DataAnnotations.Validator.ValidateObject(Object instance, ValidationContext validationContext, Boolean validateAllProperties)
   at FsInfoCat.Local.LocalDbContext.SaveChanges() in C:\Users\lerwi\Git\FsInfoCat\FsInfoCat\FsInfoCat.Local\LocalDbContext.cs:line 99
   at FsInfoCat.UnitTests.LocalFileSystemUnitTest.FileSystemLastSynchronizedOnTestMethod() in C:\Users\lerwi\Git\FsInfoCat\FsInfoCat\FsInfoCat.UnitTests\LocalFileSystemUnitTest.cs:line 317
</pre></span><br></div>
      </div>
      <div class="leaf-division">
        <div><span class="fail">✘</span><span> FsInfoCat.UnitTests.LocalRedundancyUnitTest.RedundancyAddRemoveTestMethod</span><div class="duration"><span>1ms</span><br></div>
        </div>
        <div class="error-info">
    Error: <span class="error-message"><pre>Assert.Inconclusive failed. Test not implemented</pre></span><br>
    Stack trace: <span class="error-stack-trace"><pre>   at FsInfoCat.UnitTests.LocalRedundancyUnitTest.RedundancyAddRemoveTestMethod() in C:\Users\lerwi\Git\FsInfoCat\FsInfoCat\FsInfoCat.UnitTests\LocalRedundancyUnitTest.cs:line 27
</pre></span><br></div>
      </div>
      <div class="leaf-division">
        <div><span class="fail">✘</span><span> FsInfoCat.UnitTests.LocalRedundancyUnitTest.RedundancyReferenceTestMethod</span><div class="duration"><span>1ms</span><br></div>
        </div>
        <div class="error-info">
    Error: <span class="error-message"><pre>Assert.Inconclusive failed. Test not implemented</pre></span><br>
    Stack trace: <span class="error-stack-trace"><pre>   at FsInfoCat.UnitTests.LocalRedundancyUnitTest.RedundancyReferenceTestMethod() in C:\Users\lerwi\Git\FsInfoCat\FsInfoCat\FsInfoCat.UnitTests\LocalRedundancyUnitTest.cs:line 61
</pre></span><br></div>
      </div>
      <div class="leaf-division">
        <div><span class="fail">✘</span><span> FsInfoCat.UnitTests.LocalRedundancyUnitTest.RedundancyRedundantSetTestMethod</span><div class="duration"><span>2ms</span><br></div>
        </div>
        <div class="error-info">
    Error: <span class="error-message"><pre>Assert.Inconclusive failed. Test not implemented</pre></span><br>
    Stack trace: <span class="error-stack-trace"><pre>   at FsInfoCat.UnitTests.LocalRedundancyUnitTest.RedundancyRedundantSetTestMethod() in C:\Users\lerwi\Git\FsInfoCat\FsInfoCat\FsInfoCat.UnitTests\LocalRedundancyUnitTest.cs:line 106
</pre></span><br></div>
      </div>
      <div class="leaf-division">
        <div><span class="fail">✘</span><span> FsInfoCat.UnitTests.LocalRedundancyUnitTest.RedundancyFileTestMethod</span><div class="duration"><span>2ms</span><br></div>
        </div>
        <div class="error-info">
    Error: <span class="error-message"><pre>Assert.Inconclusive failed. Test not implemented</pre></span><br>
    Stack trace: <span class="error-stack-trace"><pre>   at FsInfoCat.UnitTests.LocalRedundancyUnitTest.RedundancyFileTestMethod() in C:\Users\lerwi\Git\FsInfoCat\FsInfoCat\FsInfoCat.UnitTests\LocalRedundancyUnitTest.cs:line 151
</pre></span><br></div>
      </div>
      <div class="leaf-division">
        <div><span class="fail">✘</span><span> FsInfoCat.UnitTests.LocalRedundancyUnitTest.RedundancyCreatedOnTestMethod</span><div class="duration"><span>1ms</span><br></div>
        </div>
        <div class="error-info">
    Error: <span class="error-message"><pre>Assert.Inconclusive failed. Test not implemented</pre></span><br>
    Stack trace: <span class="error-stack-trace"><pre>   at FsInfoCat.UnitTests.LocalRedundancyUnitTest.RedundancyCreatedOnTestMethod() in C:\Users\lerwi\Git\FsInfoCat\FsInfoCat\FsInfoCat.UnitTests\LocalRedundancyUnitTest.cs:line 196
</pre></span><br></div>
      </div>
      <div class="leaf-division">
        <div><span class="fail">✘</span><span> FsInfoCat.UnitTests.LocalRedundancyUnitTest.RedundancyLastSynchronizedOnTestMethod</span><div class="duration"><span>3ms</span><br></div>
        </div>
        <div class="error-info">
    Error: <span class="error-message"><pre>Assert.Inconclusive failed. Test not implemented</pre></span><br>
    Stack trace: <span class="error-stack-trace"><pre>   at FsInfoCat.UnitTests.LocalRedundancyUnitTest.RedundancyLastSynchronizedOnTestMethod() in C:\Users\lerwi\Git\FsInfoCat\FsInfoCat\FsInfoCat.UnitTests\LocalRedundancyUnitTest.cs:line 235
</pre></span><br></div>
      </div>
      <div class="leaf-division">
        <div><span class="fail">✘</span><span> FsInfoCat.UnitTests.LocalRedundantSetUnitTest.RedundantSetAddRemoveTestMethod</span><div class="duration"><span>2ms</span><br></div>
        </div>
        <div class="error-info">
    Error: <span class="error-message"><pre>Assert.Inconclusive failed. Test not implemented</pre></span><br>
    Stack trace: <span class="error-stack-trace"><pre>   at FsInfoCat.UnitTests.LocalRedundantSetUnitTest.RedundantSetAddRemoveTestMethod() in C:\Users\lerwi\Git\FsInfoCat\FsInfoCat\FsInfoCat.UnitTests\LocalRedundantSetUnitTest.cs:line 27
</pre></span><br></div>
      </div>
      <div class="leaf-division">
        <div><span class="fail">✘</span><span> FsInfoCat.UnitTests.LocalRedundantSetUnitTest.RedundantSetContentInfoTestMethod</span><div class="duration"><span>2ms</span><br></div>
        </div>
        <div class="error-info">
    Error: <span class="error-message"><pre>Assert.Inconclusive failed. Test not implemented</pre></span><br>
    Stack trace: <span class="error-stack-trace"><pre>   at FsInfoCat.UnitTests.LocalRedundantSetUnitTest.RedundantSetContentInfoTestMethod() in C:\Users\lerwi\Git\FsInfoCat\FsInfoCat\FsInfoCat.UnitTests\LocalRedundantSetUnitTest.cs:line 62
</pre></span><br></div>
      </div>
      <div class="leaf-division">
        <div><span class="fail">✘</span><span> FsInfoCat.UnitTests.LocalRedundantSetUnitTest.RedundantSetRemediationStatusTestMethod</span><div class="duration"><span>3ms</span><br></div>
        </div>
        <div class="error-info">
    Error: <span class="error-message"><pre>Assert.Inconclusive failed. Test not implemented</pre></span><br>
    Stack trace: <span class="error-stack-trace"><pre>   at FsInfoCat.UnitTests.LocalRedundantSetUnitTest.RedundantSetRemediationStatusTestMethod() in C:\Users\lerwi\Git\FsInfoCat\FsInfoCat\FsInfoCat.UnitTests\LocalRedundantSetUnitTest.cs:line 107
</pre></span><br></div>
      </div>
      <div class="leaf-division">
        <div><span class="fail">✘</span><span> FsInfoCat.UnitTests.LocalRedundantSetUnitTest.RedundantSetReferenceTestMethod</span><div class="duration"><span>3ms</span><br></div>
        </div>
        <div class="error-info">
    Error: <span class="error-message"><pre>Assert.Inconclusive failed. Test not implemented</pre></span><br>
    Stack trace: <span class="error-stack-trace"><pre>   at FsInfoCat.UnitTests.LocalRedundantSetUnitTest.RedundantSetReferenceTestMethod() in C:\Users\lerwi\Git\FsInfoCat\FsInfoCat\FsInfoCat.UnitTests\LocalRedundantSetUnitTest.cs:line 152
</pre></span><br></div>
      </div>
      <div class="leaf-division">
        <div><span class="fail">✘</span><span> FsInfoCat.UnitTests.LocalRedundantSetUnitTest.RedundantSetCreatedOnTestMethod</span><div class="duration"><span>3ms</span><br></div>
        </div>
        <div class="error-info">
    Error: <span class="error-message"><pre>Assert.Inconclusive failed. Test not implemented</pre></span><br>
    Stack trace: <span class="error-stack-trace"><pre>   at FsInfoCat.UnitTests.LocalRedundantSetUnitTest.RedundantSetCreatedOnTestMethod() in C:\Users\lerwi\Git\FsInfoCat\FsInfoCat\FsInfoCat.UnitTests\LocalRedundantSetUnitTest.cs:line 197
</pre></span><br></div>
      </div>
      <div class="leaf-division">
        <div><span class="fail">✘</span><span> FsInfoCat.UnitTests.LocalRedundantSetUnitTest.RedundantSetLastSynchronizedOnTestMethod</span><div class="duration"><span>4ms</span><br></div>
        </div>
        <div class="error-info">
    Error: <span class="error-message"><pre>Assert.Inconclusive failed. Test not implemented</pre></span><br>
    Stack trace: <span class="error-stack-trace"><pre>   at FsInfoCat.UnitTests.LocalRedundantSetUnitTest.RedundantSetLastSynchronizedOnTestMethod() in C:\Users\lerwi\Git\FsInfoCat\FsInfoCat\FsInfoCat.UnitTests\LocalRedundantSetUnitTest.cs:line 236
</pre></span><br></div>
      </div>
      <div class="leaf-division">
        <div><span class="fail">✘</span><span> FsInfoCat.UnitTests.LocalSubdirectoryUnitTest.SubdirectoryAddRemoveTestMethod</span><div class="duration"><span>98ms</span><br></div>
        </div>
        <div class="error-info">
    Error: <span class="error-message"><pre>Test method FsInfoCat.UnitTests.LocalSubdirectoryUnitTest.SubdirectoryAddRemoveTestMethod threw exception: 
System.ComponentModel.DataAnnotations.ValidationException: Name is required.</pre></span><br>
    Stack trace: <span class="error-stack-trace"><pre>    at System.ComponentModel.DataAnnotations.Validator.ValidationError.ThrowValidationException()
   at System.ComponentModel.DataAnnotations.Validator.ValidateObject(Object instance, ValidationContext validationContext, Boolean validateAllProperties)
   at FsInfoCat.Local.LocalDbContext.SaveChanges() in C:\Users\lerwi\Git\FsInfoCat\FsInfoCat\FsInfoCat.Local\LocalDbContext.cs:line 99
   at FsInfoCat.UnitTests.LocalSubdirectoryUnitTest.SubdirectoryAddRemoveTestMethod() in C:\Users\lerwi\Git\FsInfoCat\FsInfoCat\FsInfoCat.UnitTests\LocalSubdirectoryUnitTest.cs:line 44
</pre></span><br></div>
      </div>
      <div class="leaf-division">
        <div><span class="fail">✘</span><span> FsInfoCat.UnitTests.LocalSubdirectoryUnitTest.SubdirectoryNameTestMethod</span><div class="duration"><span>10ms</span><br></div>
        </div>
        <div class="error-info">
    Error: <span class="error-message"><pre>Test method FsInfoCat.UnitTests.LocalSubdirectoryUnitTest.SubdirectoryNameTestMethod threw exception: 
System.ComponentModel.DataAnnotations.ValidationException: Name is required.</pre></span><br>
    Stack trace: <span class="error-stack-trace"><pre>    at System.ComponentModel.DataAnnotations.Validator.ValidationError.ThrowValidationException()
   at System.ComponentModel.DataAnnotations.Validator.ValidateObject(Object instance, ValidationContext validationContext, Boolean validateAllProperties)
   at FsInfoCat.Local.LocalDbContext.SaveChanges() in C:\Users\lerwi\Git\FsInfoCat\FsInfoCat\FsInfoCat.Local\LocalDbContext.cs:line 99
   at FsInfoCat.UnitTests.LocalSubdirectoryUnitTest.SubdirectoryNameTestMethod() in C:\Users\lerwi\Git\FsInfoCat\FsInfoCat\FsInfoCat.UnitTests\LocalSubdirectoryUnitTest.cs:line 85
</pre></span><br></div>
      </div>
      <div class="leaf-division">
        <div><span class="fail">✘</span><span> FsInfoCat.UnitTests.LocalSubdirectoryUnitTest.SubdirectoryOptionsTestMethod</span><div class="duration"><span>6ms</span><br></div>
        </div>
        <div class="error-info">
    Error: <span class="error-message"><pre>Test method FsInfoCat.UnitTests.LocalSubdirectoryUnitTest.SubdirectoryOptionsTestMethod threw exception: 
System.ComponentModel.DataAnnotations.ValidationException: Name is required.</pre></span><br>
    Stack trace: <span class="error-stack-trace"><pre>    at System.ComponentModel.DataAnnotations.Validator.ValidationError.ThrowValidationException()
   at System.ComponentModel.DataAnnotations.Validator.ValidateObject(Object instance, ValidationContext validationContext, Boolean validateAllProperties)
   at FsInfoCat.Local.LocalDbContext.SaveChanges() in C:\Users\lerwi\Git\FsInfoCat\FsInfoCat\FsInfoCat.Local\LocalDbContext.cs:line 99
   at FsInfoCat.UnitTests.LocalSubdirectoryUnitTest.SubdirectoryOptionsTestMethod() in C:\Users\lerwi\Git\FsInfoCat\FsInfoCat\FsInfoCat.UnitTests\LocalSubdirectoryUnitTest.cs:line 246
</pre></span><br></div>
      </div>
      <div class="leaf-division">
        <div><span class="fail">✘</span><span> FsInfoCat.UnitTests.LocalSubdirectoryUnitTest.SubdirectoryCreatedOnTestMethod</span><div class="duration"><span>9ms</span><br></div>
        </div>
        <div class="error-info">
    Error: <span class="error-message"><pre>Test method FsInfoCat.UnitTests.LocalSubdirectoryUnitTest.SubdirectoryCreatedOnTestMethod threw exception: 
System.ComponentModel.DataAnnotations.ValidationException: Name is required.</pre></span><br>
    Stack trace: <span class="error-stack-trace"><pre>    at System.ComponentModel.DataAnnotations.Validator.ValidationError.ThrowValidationException()
   at System.ComponentModel.DataAnnotations.Validator.ValidateObject(Object instance, ValidationContext validationContext, Boolean validateAllProperties)
   at FsInfoCat.Local.LocalDbContext.SaveChanges() in C:\Users\lerwi\Git\FsInfoCat\FsInfoCat\FsInfoCat.Local\LocalDbContext.cs:line 99
   at FsInfoCat.UnitTests.LocalSubdirectoryUnitTest.SubdirectoryCreatedOnTestMethod() in C:\Users\lerwi\Git\FsInfoCat\FsInfoCat\FsInfoCat.UnitTests\LocalSubdirectoryUnitTest.cs:line 289
</pre></span><br></div>
      </div>
      <div class="leaf-division">
        <div><span class="fail">✘</span><span> FsInfoCat.UnitTests.LocalSubdirectoryUnitTest.SubdirectoryLastSynchronizedOnTestMethod</span><div class="duration"><span>8ms</span><br></div>
        </div>
        <div class="error-info">
    Error: <span class="error-message"><pre>Test method FsInfoCat.UnitTests.LocalSubdirectoryUnitTest.SubdirectoryLastSynchronizedOnTestMethod threw exception: 
System.ComponentModel.DataAnnotations.ValidationException: Name is required.</pre></span><br>
    Stack trace: <span class="error-stack-trace"><pre>    at System.ComponentModel.DataAnnotations.Validator.ValidationError.ThrowValidationException()
   at System.ComponentModel.DataAnnotations.Validator.ValidateObject(Object instance, ValidationContext validationContext, Boolean validateAllProperties)
   at FsInfoCat.Local.LocalDbContext.SaveChanges() in C:\Users\lerwi\Git\FsInfoCat\FsInfoCat\FsInfoCat.Local\LocalDbContext.cs:line 99
   at FsInfoCat.UnitTests.LocalSubdirectoryUnitTest.SubdirectoryLastSynchronizedOnTestMethod() in C:\Users\lerwi\Git\FsInfoCat\FsInfoCat\FsInfoCat.UnitTests\LocalSubdirectoryUnitTest.cs:line 340
</pre></span><br></div>
      </div>
      <div class="leaf-division">
        <div><span class="fail">✘</span><span> FsInfoCat.UnitTests.LocalSymbolicNameUnitTest.SymbolicNameAddRemoveTestMethod</span><div class="duration"><span>56ms</span><br></div>
        </div>
        <div class="error-info">
    Error: <span class="error-message"><pre>Assert.IsTrue failed. </pre></span><br>
    Stack trace: <span class="error-stack-trace"><pre>   at FsInfoCat.UnitTests.LocalSymbolicNameUnitTest.SymbolicNameAddRemoveTestMethod() in C:\Users\lerwi\Git\FsInfoCat\FsInfoCat\FsInfoCat.UnitTests\LocalSymbolicNameUnitTest.cs:line 37
</pre></span><br></div>
      </div>
      <div class="leaf-division">
        <div><span class="fail">✘</span><span> FsInfoCat.UnitTests.LocalSymbolicNameUnitTest.SymbolicNameNameTestMethod</span><div class="duration"><span>5ms</span><br></div>
        </div>
        <div class="error-info">
    Error: <span class="error-message"><pre>Assert.AreEqual failed. Expected:&lt;1&gt;. Actual:&lt;2&gt;. </pre></span><br>
    Stack trace: <span class="error-stack-trace"><pre>   at FsInfoCat.UnitTests.LocalSymbolicNameUnitTest.SymbolicNameNameTestMethod() in C:\Users\lerwi\Git\FsInfoCat\FsInfoCat\FsInfoCat.UnitTests\LocalSymbolicNameUnitTest.cs:line 82
</pre></span><br></div>
      </div>
      <div class="leaf-division">
        <div><span class="fail">✘</span><span> FsInfoCat.UnitTests.LocalSymbolicNameUnitTest.SymbolicNameFileSystemTestMethod</span><div class="duration"><span>31ms</span><br></div>
        </div>
        <div class="error-info">
    Error: <span class="error-message"><pre>Test method FsInfoCat.UnitTests.LocalSymbolicNameUnitTest.SymbolicNameFileSystemTestMethod threw exception: 
System.ComponentModel.DataAnnotations.ValidationException: Name is required.</pre></span><br>
    Stack trace: <span class="error-stack-trace"><pre>    at System.ComponentModel.DataAnnotations.Validator.ValidationError.ThrowValidationException()
   at System.ComponentModel.DataAnnotations.Validator.ValidateObject(Object instance, ValidationContext validationContext, Boolean validateAllProperties)
   at FsInfoCat.Local.LocalDbContext.SaveChanges() in C:\Users\lerwi\Git\FsInfoCat\FsInfoCat\FsInfoCat.Local\LocalDbContext.cs:line 99
   at FsInfoCat.UnitTests.LocalSymbolicNameUnitTest.SymbolicNameFileSystemTestMethod() in C:\Users\lerwi\Git\FsInfoCat\FsInfoCat\FsInfoCat.UnitTests\LocalSymbolicNameUnitTest.cs:line 180
</pre></span><br></div>
      </div>
      <div class="leaf-division">
        <div><span class="fail">✘</span><span> FsInfoCat.UnitTests.LocalSymbolicNameUnitTest.SymbolicNameCreatedOnTestMethod</span><div class="duration"><span>8ms</span><br></div>
        </div>
        <div class="error-info">
    Error: <span class="error-message"><pre>Test method FsInfoCat.UnitTests.LocalSymbolicNameUnitTest.SymbolicNameCreatedOnTestMethod threw exception: 
System.ComponentModel.DataAnnotations.ValidationException: Name is required.</pre></span><br>
    Stack trace: <span class="error-stack-trace"><pre>    at System.ComponentModel.DataAnnotations.Validator.ValidationError.ThrowValidationException()
   at System.ComponentModel.DataAnnotations.Validator.ValidateObject(Object instance, ValidationContext validationContext, Boolean validateAllProperties)
   at FsInfoCat.Local.LocalDbContext.SaveChanges() in C:\Users\lerwi\Git\FsInfoCat\FsInfoCat\FsInfoCat.Local\LocalDbContext.cs:line 99
   at FsInfoCat.UnitTests.LocalSymbolicNameUnitTest.SymbolicNameCreatedOnTestMethod() in C:\Users\lerwi\Git\FsInfoCat\FsInfoCat\FsInfoCat.UnitTests\LocalSymbolicNameUnitTest.cs:line 194
</pre></span><br></div>
      </div>
      <div class="leaf-division">
        <div><span class="fail">✘</span><span> FsInfoCat.UnitTests.LocalSymbolicNameUnitTest.SymbolicNameLastSynchronizedOnTestMethod</span><div class="duration"><span>5ms</span><br></div>
        </div>
        <div class="error-info">
    Error: <span class="error-message"><pre>Assert.IsTrue failed. </pre></span><br>
    Stack trace: <span class="error-stack-trace"><pre>   at FsInfoCat.UnitTests.LocalSymbolicNameUnitTest.SymbolicNameLastSynchronizedOnTestMethod() in C:\Users\lerwi\Git\FsInfoCat\FsInfoCat\FsInfoCat.UnitTests\LocalSymbolicNameUnitTest.cs:line 235
</pre></span><br></div>
      </div>
      <div class="leaf-division">
        <div><span class="fail">✘</span><span> FsInfoCat.UnitTests.LocalVolumeUnitTest.VolumeAddRemoveTestMethod</span><div class="duration"><span>10ms</span><br></div>
        </div>
        <div class="error-info">
    Error: <span class="error-message"><pre>Test method FsInfoCat.UnitTests.LocalVolumeUnitTest.VolumeAddRemoveTestMethod threw exception: 
System.ComponentModel.DataAnnotations.ValidationException: Name is required.</pre></span><br>
    Stack trace: <span class="error-stack-trace"><pre>    at System.ComponentModel.DataAnnotations.Validator.ValidationError.ThrowValidationException()
   at System.ComponentModel.DataAnnotations.Validator.ValidateObject(Object instance, ValidationContext validationContext, Boolean validateAllProperties)
   at FsInfoCat.Local.LocalDbContext.SaveChanges() in C:\Users\lerwi\Git\FsInfoCat\FsInfoCat\FsInfoCat.Local\LocalDbContext.cs:line 99
   at FsInfoCat.UnitTests.LocalVolumeUnitTest.VolumeAddRemoveTestMethod() in C:\Users\lerwi\Git\FsInfoCat\FsInfoCat\FsInfoCat.UnitTests\LocalVolumeUnitTest.cs:line 43
</pre></span><br></div>
      </div>
      <div class="leaf-division">
        <div><span class="fail">✘</span><span> FsInfoCat.UnitTests.LocalVolumeUnitTest.VolumeIdentifierTestMethod</span><div class="duration"><span>10ms</span><br></div>
        </div>
        <div class="error-info">
    Error: <span class="error-message"><pre>Test method FsInfoCat.UnitTests.LocalVolumeUnitTest.VolumeIdentifierTestMethod threw exception: 
System.ComponentModel.DataAnnotations.ValidationException: Name is required.</pre></span><br>
    Stack trace: <span class="error-stack-trace"><pre>    at System.ComponentModel.DataAnnotations.Validator.ValidationError.ThrowValidationException()
   at System.ComponentModel.DataAnnotations.Validator.ValidateObject(Object instance, ValidationContext validationContext, Boolean validateAllProperties)
   at FsInfoCat.Local.LocalDbContext.SaveChanges() in C:\Users\lerwi\Git\FsInfoCat\FsInfoCat\FsInfoCat.Local\LocalDbContext.cs:line 99
   at FsInfoCat.UnitTests.LocalVolumeUnitTest.VolumeIdentifierTestMethod() in C:\Users\lerwi\Git\FsInfoCat\FsInfoCat\FsInfoCat.UnitTests\LocalVolumeUnitTest.cs:line 79
</pre></span><br></div>
      </div>
      <div class="leaf-division">
        <div><span class="fail">✘</span><span> FsInfoCat.UnitTests.LocalVolumeUnitTest.VolumeVolumeNameTestMethod</span><div class="duration"><span>24ms</span><br></div>
        </div>
        <div class="error-info">
    Error: <span class="error-message"><pre>Test method FsInfoCat.UnitTests.LocalVolumeUnitTest.VolumeVolumeNameTestMethod threw exception: 
System.ComponentModel.DataAnnotations.ValidationException: Name is required.</pre></span><br>
    Stack trace: <span class="error-stack-trace"><pre>    at System.ComponentModel.DataAnnotations.Validator.ValidationError.ThrowValidationException()
   at System.ComponentModel.DataAnnotations.Validator.ValidateObject(Object instance, ValidationContext validationContext, Boolean validateAllProperties)
   at FsInfoCat.Local.LocalDbContext.SaveChanges() in C:\Users\lerwi\Git\FsInfoCat\FsInfoCat\FsInfoCat.Local\LocalDbContext.cs:line 99
   at FsInfoCat.UnitTests.LocalVolumeUnitTest.VolumeVolumeNameTestMethod() in C:\Users\lerwi\Git\FsInfoCat\FsInfoCat\FsInfoCat.UnitTests\LocalVolumeUnitTest.cs:line 255
</pre></span><br></div>
      </div>
      <div class="leaf-division">
        <div><span class="fail">✘</span><span> FsInfoCat.UnitTests.LocalVolumeUnitTest.VolumeDisplayNameTestMethod</span><div class="duration"><span>17ms</span><br></div>
        </div>
        <div class="error-info">
    Error: <span class="error-message"><pre>Test method FsInfoCat.UnitTests.LocalVolumeUnitTest.VolumeDisplayNameTestMethod threw exception: 
System.ComponentModel.DataAnnotations.ValidationException: Name is required.</pre></span><br>
    Stack trace: <span class="error-stack-trace"><pre>    at System.ComponentModel.DataAnnotations.Validator.ValidationError.ThrowValidationException()
   at System.ComponentModel.DataAnnotations.Validator.ValidateObject(Object instance, ValidationContext validationContext, Boolean validateAllProperties)
   at FsInfoCat.Local.LocalDbContext.SaveChanges() in C:\Users\lerwi\Git\FsInfoCat\FsInfoCat\FsInfoCat.Local\LocalDbContext.cs:line 99
   at FsInfoCat.UnitTests.LocalVolumeUnitTest.VolumeDisplayNameTestMethod() in C:\Users\lerwi\Git\FsInfoCat\FsInfoCat\FsInfoCat.UnitTests\LocalVolumeUnitTest.cs:line 372
</pre></span><br></div>
      </div>
      <div class="leaf-division">
        <div><span class="fail">✘</span><span> FsInfoCat.UnitTests.LocalVolumeUnitTest.VolumeTypeTestMethod</span><div class="duration"><span>24ms</span><br></div>
        </div>
        <div class="error-info">
    Error: <span class="error-message"><pre>Test method FsInfoCat.UnitTests.LocalVolumeUnitTest.VolumeTypeTestMethod threw exception: 
System.ComponentModel.DataAnnotations.ValidationException: Name is required.</pre></span><br>
    Stack trace: <span class="error-stack-trace"><pre>    at System.ComponentModel.DataAnnotations.Validator.ValidationError.ThrowValidationException()
   at System.ComponentModel.DataAnnotations.Validator.ValidateObject(Object instance, ValidationContext validationContext, Boolean validateAllProperties)
   at FsInfoCat.Local.LocalDbContext.SaveChanges() in C:\Users\lerwi\Git\FsInfoCat\FsInfoCat\FsInfoCat.Local\LocalDbContext.cs:line 99
   at FsInfoCat.UnitTests.LocalVolumeUnitTest.VolumeTypeTestMethod() in C:\Users\lerwi\Git\FsInfoCat\FsInfoCat\FsInfoCat.UnitTests\LocalVolumeUnitTest.cs:line 486
</pre></span><br></div>
      </div>
      <div class="leaf-division">
        <div><span class="fail">✘</span><span> FsInfoCat.UnitTests.LocalVolumeUnitTest.VolumeFileSystemTestMethod</span><div class="duration"><span>18ms</span><br></div>
        </div>
        <div class="error-info">
    Error: <span class="error-message"><pre>Test method FsInfoCat.UnitTests.LocalVolumeUnitTest.VolumeFileSystemTestMethod threw exception: 
System.ComponentModel.DataAnnotations.ValidationException: Name is required.</pre></span><br>
    Stack trace: <span class="error-stack-trace"><pre>    at System.ComponentModel.DataAnnotations.Validator.ValidationError.ThrowValidationException()
   at System.ComponentModel.DataAnnotations.Validator.ValidateObject(Object instance, ValidationContext validationContext, Boolean validateAllProperties)
   at FsInfoCat.Local.LocalDbContext.SaveChanges() in C:\Users\lerwi\Git\FsInfoCat\FsInfoCat\FsInfoCat.Local\LocalDbContext.cs:line 99
   at FsInfoCat.UnitTests.LocalVolumeUnitTest.VolumeFileSystemTestMethod() in C:\Users\lerwi\Git\FsInfoCat\FsInfoCat\FsInfoCat.UnitTests\LocalVolumeUnitTest.cs:line 533
</pre></span><br></div>
      </div>
      <div class="leaf-division">
        <div><span class="fail">✘</span><span> FsInfoCat.UnitTests.LocalVolumeUnitTest.VolumeStatusTestMethod</span><div class="duration"><span>27ms</span><br></div>
        </div>
        <div class="error-info">
    Error: <span class="error-message"><pre>Test method FsInfoCat.UnitTests.LocalVolumeUnitTest.VolumeStatusTestMethod threw exception: 
System.ComponentModel.DataAnnotations.ValidationException: Name is required.</pre></span><br>
    Stack trace: <span class="error-stack-trace"><pre>    at System.ComponentModel.DataAnnotations.Validator.ValidationError.ThrowValidationException()
   at System.ComponentModel.DataAnnotations.Validator.ValidateObject(Object instance, ValidationContext validationContext, Boolean validateAllProperties)
   at FsInfoCat.Local.LocalDbContext.SaveChanges() in C:\Users\lerwi\Git\FsInfoCat\FsInfoCat\FsInfoCat.Local\LocalDbContext.cs:line 99
   at FsInfoCat.UnitTests.LocalVolumeUnitTest.VolumeStatusTestMethod() in C:\Users\lerwi\Git\FsInfoCat\FsInfoCat\FsInfoCat.UnitTests\LocalVolumeUnitTest.cs:line 609
</pre></span><br></div>
      </div>
      <div class="leaf-division">
        <div><span class="fail">✘</span><span> FsInfoCat.UnitTests.LocalVolumeUnitTest.VolumeMaxNameLengthTestMethod</span><div class="duration"><span>26ms</span><br></div>
        </div>
        <div class="error-info">
    Error: <span class="error-message"><pre>Test method FsInfoCat.UnitTests.LocalVolumeUnitTest.VolumeMaxNameLengthTestMethod threw exception: 
System.ComponentModel.DataAnnotations.ValidationException: Name is required.</pre></span><br>
    Stack trace: <span class="error-stack-trace"><pre>    at System.ComponentModel.DataAnnotations.Validator.ValidationError.ThrowValidationException()
   at System.ComponentModel.DataAnnotations.Validator.ValidateObject(Object instance, ValidationContext validationContext, Boolean validateAllProperties)
   at FsInfoCat.Local.LocalDbContext.SaveChanges() in C:\Users\lerwi\Git\FsInfoCat\FsInfoCat\FsInfoCat.Local\LocalDbContext.cs:line 99
   at FsInfoCat.UnitTests.LocalVolumeUnitTest.VolumeMaxNameLengthTestMethod() in C:\Users\lerwi\Git\FsInfoCat\FsInfoCat\FsInfoCat.UnitTests\LocalVolumeUnitTest.cs:line 658
</pre></span><br></div>
      </div>
      <div class="leaf-division">
        <div><span class="fail">✘</span><span> FsInfoCat.UnitTests.LocalVolumeUnitTest.VolumeCreatedOnTestMethod</span><div class="duration"><span>8ms</span><br></div>
        </div>
        <div class="error-info">
    Error: <span class="error-message"><pre>Test method FsInfoCat.UnitTests.LocalVolumeUnitTest.VolumeCreatedOnTestMethod threw exception: 
System.ComponentModel.DataAnnotations.ValidationException: Name is required.</pre></span><br>
    Stack trace: <span class="error-stack-trace"><pre>    at System.ComponentModel.DataAnnotations.Validator.ValidationError.ThrowValidationException()
   at System.ComponentModel.DataAnnotations.Validator.ValidateObject(Object instance, ValidationContext validationContext, Boolean validateAllProperties)
   at FsInfoCat.Local.LocalDbContext.SaveChanges() in C:\Users\lerwi\Git\FsInfoCat\FsInfoCat\FsInfoCat.Local\LocalDbContext.cs:line 99
   at FsInfoCat.UnitTests.LocalVolumeUnitTest.VolumeCreatedOnTestMethod() in C:\Users\lerwi\Git\FsInfoCat\FsInfoCat\FsInfoCat.UnitTests\LocalVolumeUnitTest.cs:line 702
</pre></span><br></div>
      </div>
      <div class="leaf-division">
        <div><span class="fail">✘</span><span> FsInfoCat.UnitTests.LocalVolumeUnitTest.VolumeLastSynchronizedOnTestMethod</span><div class="duration"><span>13ms</span><br></div>
        </div>
        <div class="error-info">
    Error: <span class="error-message"><pre>Test method FsInfoCat.UnitTests.LocalVolumeUnitTest.VolumeLastSynchronizedOnTestMethod threw exception: 
System.ComponentModel.DataAnnotations.ValidationException: Name is required.</pre></span><br>
    Stack trace: <span class="error-stack-trace"><pre>    at System.ComponentModel.DataAnnotations.Validator.ValidationError.ThrowValidationException()
   at System.ComponentModel.DataAnnotations.Validator.ValidateObject(Object instance, ValidationContext validationContext, Boolean validateAllProperties)
   at FsInfoCat.Local.LocalDbContext.SaveChanges() in C:\Users\lerwi\Git\FsInfoCat\FsInfoCat\FsInfoCat.Local\LocalDbContext.cs:line 99
   at FsInfoCat.UnitTests.LocalVolumeUnitTest.VolumeLastSynchronizedOnTestMethod() in C:\Users\lerwi\Git\FsInfoCat\FsInfoCat\FsInfoCat.UnitTests\LocalVolumeUnitTest.cs:line 748
</pre></span><br></div>
      </div>
    </div>
    <h2>All Results</h2>
    <div class="list-row" onclick="ToggleClass('-1433326784')">C:\Users\lerwi\Git\FsInfoCat\FsInfoCat\FsInfoCat.UnitTests\bin\Debug\net5.0-windows\FsInfoCat.UnitTests.dll</div>
    <div class="inner-row" Id="-1433326784" style="display:none;">
      <div class="leaf-division">
        <div><span class="pass">✔</span><span> FsInfoCat.UnitTests.CollectionExtensionsTests.IsPrimeNumberTestMethod</span><div class="duration"><span>10ms</span><br></div>
        </div>
        <div class="error-info"></div>
      </div>
      <div class="leaf-division">
        <div><span class="pass">✔</span><span> FsInfoCat.UnitTests.CollectionExtensionsTests.FindPrimeNumberTestMethod</span><div class="duration"><span>1ms</span><br></div>
        </div>
        <div class="error-info"></div>
      </div>
      <div class="leaf-division">
        <div><span class="fail">✘</span><span> FsInfoCat.UnitTests.LocalContentInfoUnitTest.ContentInfoAddRemoveTestMethod</span><div class="duration"><span>89ms</span><br></div>
        </div>
        <div class="error-info">
    Error: <span class="error-message"><pre>Assert.Inconclusive failed. Test not implemented</pre></span><br>
    Stack trace: <span class="error-stack-trace"><pre>   at FsInfoCat.UnitTests.LocalContentInfoUnitTest.ContentInfoAddRemoveTestMethod() in C:\Users\lerwi\Git\FsInfoCat\FsInfoCat\FsInfoCat.UnitTests\LocalContentInfoUnitTest.cs:line 27
</pre></span><br></div>
      </div>
      <div class="leaf-division">
        <div><span class="fail">✘</span><span> FsInfoCat.UnitTests.LocalContentInfoUnitTest.ContentInfoHashTestMethod</span><div class="duration"><span>1ms</span><br></div>
        </div>
        <div class="error-info">
    Error: <span class="error-message"><pre>Assert.Inconclusive failed. Test not implemented</pre></span><br>
    Stack trace: <span class="error-stack-trace"><pre>   at FsInfoCat.UnitTests.LocalContentInfoUnitTest.ContentInfoHashTestMethod() in C:\Users\lerwi\Git\FsInfoCat\FsInfoCat\FsInfoCat.UnitTests\LocalContentInfoUnitTest.cs:line 61
</pre></span><br></div>
      </div>
      <div class="leaf-division">
        <div><span class="fail">✘</span><span> FsInfoCat.UnitTests.LocalContentInfoUnitTest.ContentInfoLengthTestMethod</span><div class="duration"><span>2ms</span><br></div>
        </div>
        <div class="error-info">
    Error: <span class="error-message"><pre>Assert.Inconclusive failed. Test not implemented</pre></span><br>
    Stack trace: <span class="error-stack-trace"><pre>   at FsInfoCat.UnitTests.LocalContentInfoUnitTest.ContentInfoLengthTestMethod() in C:\Users\lerwi\Git\FsInfoCat\FsInfoCat\FsInfoCat.UnitTests\LocalContentInfoUnitTest.cs:line 89
</pre></span><br></div>
      </div>
      <div class="leaf-division">
        <div><span class="fail">✘</span><span> FsInfoCat.UnitTests.LocalContentInfoUnitTest.ContentInfoCreatedOnTestMethod</span><div class="duration"><span>2ms</span><br></div>
        </div>
        <div class="error-info">
    Error: <span class="error-message"><pre>Assert.Inconclusive failed. Test not implemented</pre></span><br>
    Stack trace: <span class="error-stack-trace"><pre>   at FsInfoCat.UnitTests.LocalContentInfoUnitTest.ContentInfoCreatedOnTestMethod() in C:\Users\lerwi\Git\FsInfoCat\FsInfoCat\FsInfoCat.UnitTests\LocalContentInfoUnitTest.cs:line 134
</pre></span><br></div>
      </div>
      <div class="leaf-division">
        <div><span class="fail">✘</span><span> FsInfoCat.UnitTests.LocalContentInfoUnitTest.ContentInfoLastSynchronizedOnTestMethod</span><div class="duration"><span>3ms</span><br></div>
        </div>
        <div class="error-info">
    Error: <span class="error-message"><pre>Assert.Inconclusive failed. Test not implemented</pre></span><br>
    Stack trace: <span class="error-stack-trace"><pre>   at FsInfoCat.UnitTests.LocalContentInfoUnitTest.ContentInfoLastSynchronizedOnTestMethod() in C:\Users\lerwi\Git\FsInfoCat\FsInfoCat\FsInfoCat.UnitTests\LocalContentInfoUnitTest.cs:line 173
</pre></span><br></div>
      </div>
      <div class="leaf-division">
        <div><span class="fail">✘</span><span> FsInfoCat.UnitTests.LocalDbFileUnitTest.DbFileAddRemoveTestMethod</span><div class="duration"><span>1s 492ms</span><br></div>
        </div>
        <div class="error-info">
    Error: <span class="error-message"><pre>Assert.IsTrue failed. </pre></span><br>
    Stack trace: <span class="error-stack-trace"><pre>   at FsInfoCat.UnitTests.LocalDbFileUnitTest.DbFileAddRemoveTestMethod() in C:\Users\lerwi\Git\FsInfoCat\FsInfoCat\FsInfoCat.UnitTests\LocalDbFileUnitTest.cs:line 47
</pre></span><br></div>
      </div>
      <div class="leaf-division">
        <div><span class="fail">✘</span><span> FsInfoCat.UnitTests.LocalDbFileUnitTest.DbFileContentInfoTestMethod</span><div class="duration"><span>2ms</span><br></div>
        </div>
        <div class="error-info">
    Error: <span class="error-message"><pre>Assert.Inconclusive failed. Test not implemented</pre></span><br>
    Stack trace: <span class="error-stack-trace"><pre>   at FsInfoCat.UnitTests.LocalDbFileUnitTest.DbFileContentInfoTestMethod() in C:\Users\lerwi\Git\FsInfoCat\FsInfoCat\FsInfoCat.UnitTests\LocalDbFileUnitTest.cs:line 76
</pre></span><br></div>
      </div>
      <div class="leaf-division">
        <div><span class="fail">✘</span><span> FsInfoCat.UnitTests.LocalDbFileUnitTest.DbFileNameTestMethod</span><div class="duration"><span>2ms</span><br></div>
        </div>
        <div class="error-info">
    Error: <span class="error-message"><pre>Assert.Inconclusive failed. Test not implemented</pre></span><br>
    Stack trace: <span class="error-stack-trace"><pre>   at FsInfoCat.UnitTests.LocalDbFileUnitTest.DbFileNameTestMethod() in C:\Users\lerwi\Git\FsInfoCat\FsInfoCat\FsInfoCat.UnitTests\LocalDbFileUnitTest.cs:line 122
</pre></span><br></div>
      </div>
      <div class="leaf-division">
        <div><span class="fail">✘</span><span> FsInfoCat.UnitTests.LocalDbFileUnitTest.DbFileParentTestMethod</span><div class="duration"><span>2ms</span><br></div>
        </div>
        <div class="error-info">
    Error: <span class="error-message"><pre>Assert.Inconclusive failed. Test not implemented</pre></span><br>
    Stack trace: <span class="error-stack-trace"><pre>   at FsInfoCat.UnitTests.LocalDbFileUnitTest.DbFileParentTestMethod() in C:\Users\lerwi\Git\FsInfoCat\FsInfoCat\FsInfoCat.UnitTests\LocalDbFileUnitTest.cs:line 170
</pre></span><br></div>
      </div>
      <div class="leaf-division">
        <div><span class="fail">✘</span><span> FsInfoCat.UnitTests.LocalDbFileUnitTest.DbFileOptionsTestMethod</span><div class="duration"><span>2ms</span><br></div>
        </div>
        <div class="error-info">
    Error: <span class="error-message"><pre>Assert.Inconclusive failed. Test not implemented</pre></span><br>
    Stack trace: <span class="error-stack-trace"><pre>   at FsInfoCat.UnitTests.LocalDbFileUnitTest.DbFileOptionsTestMethod() in C:\Users\lerwi\Git\FsInfoCat\FsInfoCat\FsInfoCat.UnitTests\LocalDbFileUnitTest.cs:line 216
</pre></span><br></div>
      </div>
      <div class="leaf-division">
        <div><span class="fail">✘</span><span> FsInfoCat.UnitTests.LocalDbFileUnitTest.DbFileCreatedOnTestMethod</span><div class="duration"><span>2ms</span><br></div>
        </div>
        <div class="error-info">
    Error: <span class="error-message"><pre>Assert.Inconclusive failed. Test not implemented</pre></span><br>
    Stack trace: <span class="error-stack-trace"><pre>   at FsInfoCat.UnitTests.LocalDbFileUnitTest.DbFileCreatedOnTestMethod() in C:\Users\lerwi\Git\FsInfoCat\FsInfoCat\FsInfoCat.UnitTests\LocalDbFileUnitTest.cs:line 261
</pre></span><br></div>
      </div>
      <div class="leaf-division">
        <div><span class="fail">✘</span><span> FsInfoCat.UnitTests.LocalDbFileUnitTest.DbFileLastSynchronizedOnTestMethod</span><div class="duration"><span>4ms</span><br></div>
        </div>
        <div class="error-info">
    Error: <span class="error-message"><pre>Assert.Inconclusive failed. Test not implemented</pre></span><br>
    Stack trace: <span class="error-stack-trace"><pre>   at FsInfoCat.UnitTests.LocalDbFileUnitTest.DbFileLastSynchronizedOnTestMethod() in C:\Users\lerwi\Git\FsInfoCat\FsInfoCat\FsInfoCat.UnitTests\LocalDbFileUnitTest.cs:line 300
</pre></span><br></div>
      </div>
      <div class="leaf-division">
        <div><span class="pass">✔</span><span> FsInfoCat.UnitTests.LocalDbUnitTest.LocalDbContextTestMethod</span><div class="duration"><span>1ms</span><br></div>
        </div>
        <div class="error-info"></div>
      </div>
      <div class="leaf-division">
        <div><span class="fail">✘</span><span> FsInfoCat.UnitTests.LocalExtendedPropertiesUnitTest.ExtendedPropertiesAddRemoveTestMethod</span><div class="duration"><span>3ms</span><br></div>
        </div>
        <div class="error-info">
    Error: <span class="error-message"><pre>Assert.Inconclusive failed. Test not implemented</pre></span><br>
    Stack trace: <span class="error-stack-trace"><pre>   at FsInfoCat.UnitTests.LocalExtendedPropertiesUnitTest.ExtendedPropertiesAddRemoveTestMethod() in C:\Users\lerwi\Git\FsInfoCat\FsInfoCat\FsInfoCat.UnitTests\LocalExtendedPropertiesUnitTest.cs:line 27
</pre></span><br></div>
      </div>
      <div class="leaf-division">
        <div><span class="fail">✘</span><span> FsInfoCat.UnitTests.LocalExtendedPropertiesUnitTest.ExtendedPropertiesHeightTestMethod</span><div class="duration"><span>1ms</span><br></div>
        </div>
        <div class="error-info">
    Error: <span class="error-message"><pre>Assert.Inconclusive failed. Test not implemented</pre></span><br>
    Stack trace: <span class="error-stack-trace"><pre>   at FsInfoCat.UnitTests.LocalExtendedPropertiesUnitTest.ExtendedPropertiesHeightTestMethod() in C:\Users\lerwi\Git\FsInfoCat\FsInfoCat\FsInfoCat.UnitTests\LocalExtendedPropertiesUnitTest.cs:line 85
</pre></span><br></div>
      </div>
      <div class="leaf-division">
        <div><span class="fail">✘</span><span> FsInfoCat.UnitTests.LocalExtendedPropertiesUnitTest.ExtendedPropertiesWidthTestMethod</span><div class="duration"><span>3ms</span><br></div>
        </div>
        <div class="error-info">
    Error: <span class="error-message"><pre>Assert.Inconclusive failed. Test not implemented</pre></span><br>
    Stack trace: <span class="error-stack-trace"><pre>   at FsInfoCat.UnitTests.LocalExtendedPropertiesUnitTest.ExtendedPropertiesWidthTestMethod() in C:\Users\lerwi\Git\FsInfoCat\FsInfoCat\FsInfoCat.UnitTests\LocalExtendedPropertiesUnitTest.cs:line 113
</pre></span><br></div>
      </div>
      <div class="leaf-division">
        <div><span class="fail">✘</span><span> FsInfoCat.UnitTests.LocalExtendedPropertiesUnitTest.ExtendedPropertiesCreatedOnTestMethod</span><div class="duration"><span>3ms</span><br></div>
        </div>
        <div class="error-info">
    Error: <span class="error-message"><pre>Assert.Inconclusive failed. Test not implemented</pre></span><br>
    Stack trace: <span class="error-stack-trace"><pre>   at FsInfoCat.UnitTests.LocalExtendedPropertiesUnitTest.ExtendedPropertiesCreatedOnTestMethod() in C:\Users\lerwi\Git\FsInfoCat\FsInfoCat\FsInfoCat.UnitTests\LocalExtendedPropertiesUnitTest.cs:line 158
</pre></span><br></div>
      </div>
      <div class="leaf-division">
        <div><span class="fail">✘</span><span> FsInfoCat.UnitTests.LocalExtendedPropertiesUnitTest.ExtendedPropertiesLastSynchronizedOnTestMethod</span><div class="duration"><span>4ms</span><br></div>
        </div>
        <div class="error-info">
    Error: <span class="error-message"><pre>Assert.Inconclusive failed. Test not implemented</pre></span><br>
    Stack trace: <span class="error-stack-trace"><pre>   at FsInfoCat.UnitTests.LocalExtendedPropertiesUnitTest.ExtendedPropertiesLastSynchronizedOnTestMethod() in C:\Users\lerwi\Git\FsInfoCat\FsInfoCat\FsInfoCat.UnitTests\LocalExtendedPropertiesUnitTest.cs:line 197
</pre></span><br></div>
      </div>
      <div class="leaf-division">
        <div><span class="fail">✘</span><span> FsInfoCat.UnitTests.LocalFileComparisonUnitTest.FileComparisonAddRemoveTestMethod</span><div class="duration"><span>2ms</span><br></div>
        </div>
        <div class="error-info">
    Error: <span class="error-message"><pre>Assert.Inconclusive failed. Test not implemented</pre></span><br>
    Stack trace: <span class="error-stack-trace"><pre>   at FsInfoCat.UnitTests.LocalFileComparisonUnitTest.FileComparisonAddRemoveTestMethod() in C:\Users\lerwi\Git\FsInfoCat\FsInfoCat\FsInfoCat.UnitTests\LocalFileComparisonUnitTest.cs:line 27
</pre></span><br></div>
      </div>
      <div class="leaf-division">
        <div><span class="fail">✘</span><span> FsInfoCat.UnitTests.LocalFileComparisonUnitTest.FileComparisonSourceFileTestMethod</span><div class="duration"><span>3ms</span><br></div>
        </div>
        <div class="error-info">
    Error: <span class="error-message"><pre>Assert.Inconclusive failed. Test not implemented</pre></span><br>
    Stack trace: <span class="error-stack-trace"><pre>   at FsInfoCat.UnitTests.LocalFileComparisonUnitTest.FileComparisonSourceFileTestMethod() in C:\Users\lerwi\Git\FsInfoCat\FsInfoCat\FsInfoCat.UnitTests\LocalFileComparisonUnitTest.cs:line 60
</pre></span><br></div>
      </div>
      <div class="leaf-division">
        <div><span class="fail">✘</span><span> FsInfoCat.UnitTests.LocalFileComparisonUnitTest.FileComparisonTargetFileTestMethod</span><div class="duration"><span>3ms</span><br></div>
        </div>
        <div class="error-info">
    Error: <span class="error-message"><pre>Assert.Inconclusive failed. Test not implemented</pre></span><br>
    Stack trace: <span class="error-stack-trace"><pre>   at FsInfoCat.UnitTests.LocalFileComparisonUnitTest.FileComparisonTargetFileTestMethod() in C:\Users\lerwi\Git\FsInfoCat\FsInfoCat\FsInfoCat.UnitTests\LocalFileComparisonUnitTest.cs:line 105
</pre></span><br></div>
      </div>
      <div class="leaf-division">
        <div><span class="fail">✘</span><span> FsInfoCat.UnitTests.LocalFileComparisonUnitTest.FileComparisonCreatedOnTestMethod</span><div class="duration"><span>3ms</span><br></div>
        </div>
        <div class="error-info">
    Error: <span class="error-message"><pre>Assert.Inconclusive failed. Test not implemented</pre></span><br>
    Stack trace: <span class="error-stack-trace"><pre>   at FsInfoCat.UnitTests.LocalFileComparisonUnitTest.FileComparisonCreatedOnTestMethod() in C:\Users\lerwi\Git\FsInfoCat\FsInfoCat\FsInfoCat.UnitTests\LocalFileComparisonUnitTest.cs:line 150
</pre></span><br></div>
      </div>
      <div class="leaf-division">
        <div><span class="fail">✘</span><span> FsInfoCat.UnitTests.LocalFileComparisonUnitTest.FileComparisonLastSynchronizedOnTestMethod</span><div class="duration"><span>4ms</span><br></div>
        </div>
        <div class="error-info">
    Error: <span class="error-message"><pre>Assert.Inconclusive failed. Test not implemented</pre></span><br>
    Stack trace: <span class="error-stack-trace"><pre>   at FsInfoCat.UnitTests.LocalFileComparisonUnitTest.FileComparisonLastSynchronizedOnTestMethod() in C:\Users\lerwi\Git\FsInfoCat\FsInfoCat\FsInfoCat.UnitTests\LocalFileComparisonUnitTest.cs:line 189
</pre></span><br></div>
      </div>
      <div class="leaf-division">
        <div><span class="fail">✘</span><span> FsInfoCat.UnitTests.LocalFileSystemUnitTest.FileSystemAddRemoveTestMethod</span><div class="duration"><span>405ms</span><br></div>
        </div>
        <div class="error-info">
    Error: <span class="error-message"><pre>Test method FsInfoCat.UnitTests.LocalFileSystemUnitTest.FileSystemAddRemoveTestMethod threw exception: 
System.ComponentModel.DataAnnotations.ValidationException: Name is required.</pre></span><br>
    Stack trace: <span class="error-stack-trace"><pre>    at System.ComponentModel.DataAnnotations.Validator.ValidationError.ThrowValidationException()
   at System.ComponentModel.DataAnnotations.Validator.ValidateObject(Object instance, ValidationContext validationContext, Boolean validateAllProperties)
   at FsInfoCat.Local.LocalDbContext.SaveChanges() in C:\Users\lerwi\Git\FsInfoCat\FsInfoCat\FsInfoCat.Local\LocalDbContext.cs:line 99
   at FsInfoCat.UnitTests.LocalFileSystemUnitTest.FileSystemAddRemoveTestMethod() in C:\Users\lerwi\Git\FsInfoCat\FsInfoCat\FsInfoCat.UnitTests\LocalFileSystemUnitTest.cs:line 40
</pre></span><br></div>
      </div>
      <div class="leaf-division">
        <div><span class="fail">✘</span><span> FsInfoCat.UnitTests.LocalFileSystemUnitTest.FileSystemDefaultDriveTypeTestMethod</span><div class="duration"><span>25ms</span><br></div>
        </div>
        <div class="error-info">
    Error: <span class="error-message"><pre>Test method FsInfoCat.UnitTests.LocalFileSystemUnitTest.FileSystemDefaultDriveTypeTestMethod threw exception: 
System.ComponentModel.DataAnnotations.ValidationException: Name is required.</pre></span><br>
    Stack trace: <span class="error-stack-trace"><pre>    at System.ComponentModel.DataAnnotations.Validator.ValidationError.ThrowValidationException()
   at System.ComponentModel.DataAnnotations.Validator.ValidateObject(Object instance, ValidationContext validationContext, Boolean validateAllProperties)
   at FsInfoCat.Local.LocalDbContext.SaveChanges() in C:\Users\lerwi\Git\FsInfoCat\FsInfoCat\FsInfoCat.Local\LocalDbContext.cs:line 99
   at FsInfoCat.UnitTests.LocalFileSystemUnitTest.FileSystemDefaultDriveTypeTestMethod() in C:\Users\lerwi\Git\FsInfoCat\FsInfoCat\FsInfoCat.UnitTests\LocalFileSystemUnitTest.cs:line 86
</pre></span><br></div>
      </div>
      <div class="leaf-division">
        <div><span class="fail">✘</span><span> FsInfoCat.UnitTests.LocalFileSystemUnitTest.FileSystemDisplayNameTestMethod</span><div class="duration"><span>27ms</span><br></div>
        </div>
        <div class="error-info">
    Error: <span class="error-message"><pre>Test method FsInfoCat.UnitTests.LocalFileSystemUnitTest.FileSystemDisplayNameTestMethod threw exception: 
System.ComponentModel.DataAnnotations.ValidationException: Name is required.</pre></span><br>
    Stack trace: <span class="error-stack-trace"><pre>    at System.ComponentModel.DataAnnotations.Validator.ValidationError.ThrowValidationException()
   at System.ComponentModel.DataAnnotations.Validator.ValidateObject(Object instance, ValidationContext validationContext, Boolean validateAllProperties)
   at FsInfoCat.Local.LocalDbContext.SaveChanges() in C:\Users\lerwi\Git\FsInfoCat\FsInfoCat\FsInfoCat.Local\LocalDbContext.cs:line 99
   at FsInfoCat.UnitTests.LocalFileSystemUnitTest.FileSystemDisplayNameTestMethod() in C:\Users\lerwi\Git\FsInfoCat\FsInfoCat\FsInfoCat.UnitTests\LocalFileSystemUnitTest.cs:line 134
</pre></span><br></div>
      </div>
      <div class="leaf-division">
        <div><span class="fail">✘</span><span> FsInfoCat.UnitTests.LocalFileSystemUnitTest.FileSystemMaxNameLengthTestMethod</span><div class="duration"><span>26ms</span><br></div>
        </div>
        <div class="error-info">
    Error: <span class="error-message"><pre>Test method FsInfoCat.UnitTests.LocalFileSystemUnitTest.FileSystemMaxNameLengthTestMethod threw exception: 
System.ComponentModel.DataAnnotations.ValidationException: Name is required.</pre></span><br>
    Stack trace: <span class="error-stack-trace"><pre>    at System.ComponentModel.DataAnnotations.Validator.ValidationError.ThrowValidationException()
   at System.ComponentModel.DataAnnotations.Validator.ValidateObject(Object instance, ValidationContext validationContext, Boolean validateAllProperties)
   at FsInfoCat.Local.LocalDbContext.SaveChanges() in C:\Users\lerwi\Git\FsInfoCat\FsInfoCat\FsInfoCat.Local\LocalDbContext.cs:line 99
   at FsInfoCat.UnitTests.LocalFileSystemUnitTest.FileSystemMaxNameLengthTestMethod() in C:\Users\lerwi\Git\FsInfoCat\FsInfoCat\FsInfoCat.UnitTests\LocalFileSystemUnitTest.cs:line 234
</pre></span><br></div>
      </div>
      <div class="leaf-division">
        <div><span class="fail">✘</span><span> FsInfoCat.UnitTests.LocalFileSystemUnitTest.FileSystemCreatedOnTestMethod</span><div class="duration"><span>6ms</span><br></div>
        </div>
        <div class="error-info">
    Error: <span class="error-message"><pre>Test method FsInfoCat.UnitTests.LocalFileSystemUnitTest.FileSystemCreatedOnTestMethod threw exception: 
System.ComponentModel.DataAnnotations.ValidationException: Name is required.</pre></span><br>
    Stack trace: <span class="error-stack-trace"><pre>    at System.ComponentModel.DataAnnotations.Validator.ValidationError.ThrowValidationException()
   at System.ComponentModel.DataAnnotations.Validator.ValidateObject(Object instance, ValidationContext validationContext, Boolean validateAllProperties)
   at FsInfoCat.Local.LocalDbContext.SaveChanges() in C:\Users\lerwi\Git\FsInfoCat\FsInfoCat\FsInfoCat.Local\LocalDbContext.cs:line 99
   at FsInfoCat.UnitTests.LocalFileSystemUnitTest.FileSystemCreatedOnTestMethod() in C:\Users\lerwi\Git\FsInfoCat\FsInfoCat\FsInfoCat.UnitTests\LocalFileSystemUnitTest.cs:line 275
</pre></span><br></div>
      </div>
      <div class="leaf-division">
        <div><span class="fail">✘</span><span> FsInfoCat.UnitTests.LocalFileSystemUnitTest.FileSystemLastSynchronizedOnTestMethod</span><div class="duration"><span>15ms</span><br></div>
        </div>
        <div class="error-info">
    Error: <span class="error-message"><pre>Test method FsInfoCat.UnitTests.LocalFileSystemUnitTest.FileSystemLastSynchronizedOnTestMethod threw exception: 
System.ComponentModel.DataAnnotations.ValidationException: Name is required.</pre></span><br>
    Stack trace: <span class="error-stack-trace"><pre>    at System.ComponentModel.DataAnnotations.Validator.ValidationError.ThrowValidationException()
   at System.ComponentModel.DataAnnotations.Validator.ValidateObject(Object instance, ValidationContext validationContext, Boolean validateAllProperties)
   at FsInfoCat.Local.LocalDbContext.SaveChanges() in C:\Users\lerwi\Git\FsInfoCat\FsInfoCat\FsInfoCat.Local\LocalDbContext.cs:line 99
   at FsInfoCat.UnitTests.LocalFileSystemUnitTest.FileSystemLastSynchronizedOnTestMethod() in C:\Users\lerwi\Git\FsInfoCat\FsInfoCat\FsInfoCat.UnitTests\LocalFileSystemUnitTest.cs:line 317
</pre></span><br></div>
      </div>
      <div class="leaf-division">
        <div><span class="fail">✘</span><span> FsInfoCat.UnitTests.LocalRedundancyUnitTest.RedundancyAddRemoveTestMethod</span><div class="duration"><span>1ms</span><br></div>
        </div>
        <div class="error-info">
    Error: <span class="error-message"><pre>Assert.Inconclusive failed. Test not implemented</pre></span><br>
    Stack trace: <span class="error-stack-trace"><pre>   at FsInfoCat.UnitTests.LocalRedundancyUnitTest.RedundancyAddRemoveTestMethod() in C:\Users\lerwi\Git\FsInfoCat\FsInfoCat\FsInfoCat.UnitTests\LocalRedundancyUnitTest.cs:line 27
</pre></span><br></div>
      </div>
      <div class="leaf-division">
        <div><span class="fail">✘</span><span> FsInfoCat.UnitTests.LocalRedundancyUnitTest.RedundancyReferenceTestMethod</span><div class="duration"><span>1ms</span><br></div>
        </div>
        <div class="error-info">
    Error: <span class="error-message"><pre>Assert.Inconclusive failed. Test not implemented</pre></span><br>
    Stack trace: <span class="error-stack-trace"><pre>   at FsInfoCat.UnitTests.LocalRedundancyUnitTest.RedundancyReferenceTestMethod() in C:\Users\lerwi\Git\FsInfoCat\FsInfoCat\FsInfoCat.UnitTests\LocalRedundancyUnitTest.cs:line 61
</pre></span><br></div>
      </div>
      <div class="leaf-division">
        <div><span class="fail">✘</span><span> FsInfoCat.UnitTests.LocalRedundancyUnitTest.RedundancyRedundantSetTestMethod</span><div class="duration"><span>2ms</span><br></div>
        </div>
        <div class="error-info">
    Error: <span class="error-message"><pre>Assert.Inconclusive failed. Test not implemented</pre></span><br>
    Stack trace: <span class="error-stack-trace"><pre>   at FsInfoCat.UnitTests.LocalRedundancyUnitTest.RedundancyRedundantSetTestMethod() in C:\Users\lerwi\Git\FsInfoCat\FsInfoCat\FsInfoCat.UnitTests\LocalRedundancyUnitTest.cs:line 106
</pre></span><br></div>
      </div>
      <div class="leaf-division">
        <div><span class="fail">✘</span><span> FsInfoCat.UnitTests.LocalRedundancyUnitTest.RedundancyFileTestMethod</span><div class="duration"><span>2ms</span><br></div>
        </div>
        <div class="error-info">
    Error: <span class="error-message"><pre>Assert.Inconclusive failed. Test not implemented</pre></span><br>
    Stack trace: <span class="error-stack-trace"><pre>   at FsInfoCat.UnitTests.LocalRedundancyUnitTest.RedundancyFileTestMethod() in C:\Users\lerwi\Git\FsInfoCat\FsInfoCat\FsInfoCat.UnitTests\LocalRedundancyUnitTest.cs:line 151
</pre></span><br></div>
      </div>
      <div class="leaf-division">
        <div><span class="fail">✘</span><span> FsInfoCat.UnitTests.LocalRedundancyUnitTest.RedundancyCreatedOnTestMethod</span><div class="duration"><span>1ms</span><br></div>
        </div>
        <div class="error-info">
    Error: <span class="error-message"><pre>Assert.Inconclusive failed. Test not implemented</pre></span><br>
    Stack trace: <span class="error-stack-trace"><pre>   at FsInfoCat.UnitTests.LocalRedundancyUnitTest.RedundancyCreatedOnTestMethod() in C:\Users\lerwi\Git\FsInfoCat\FsInfoCat\FsInfoCat.UnitTests\LocalRedundancyUnitTest.cs:line 196
</pre></span><br></div>
      </div>
      <div class="leaf-division">
        <div><span class="fail">✘</span><span> FsInfoCat.UnitTests.LocalRedundancyUnitTest.RedundancyLastSynchronizedOnTestMethod</span><div class="duration"><span>3ms</span><br></div>
        </div>
        <div class="error-info">
    Error: <span class="error-message"><pre>Assert.Inconclusive failed. Test not implemented</pre></span><br>
    Stack trace: <span class="error-stack-trace"><pre>   at FsInfoCat.UnitTests.LocalRedundancyUnitTest.RedundancyLastSynchronizedOnTestMethod() in C:\Users\lerwi\Git\FsInfoCat\FsInfoCat\FsInfoCat.UnitTests\LocalRedundancyUnitTest.cs:line 235
</pre></span><br></div>
      </div>
      <div class="leaf-division">
        <div><span class="fail">✘</span><span> FsInfoCat.UnitTests.LocalRedundantSetUnitTest.RedundantSetAddRemoveTestMethod</span><div class="duration"><span>2ms</span><br></div>
        </div>
        <div class="error-info">
    Error: <span class="error-message"><pre>Assert.Inconclusive failed. Test not implemented</pre></span><br>
    Stack trace: <span class="error-stack-trace"><pre>   at FsInfoCat.UnitTests.LocalRedundantSetUnitTest.RedundantSetAddRemoveTestMethod() in C:\Users\lerwi\Git\FsInfoCat\FsInfoCat\FsInfoCat.UnitTests\LocalRedundantSetUnitTest.cs:line 27
</pre></span><br></div>
      </div>
      <div class="leaf-division">
        <div><span class="fail">✘</span><span> FsInfoCat.UnitTests.LocalRedundantSetUnitTest.RedundantSetContentInfoTestMethod</span><div class="duration"><span>2ms</span><br></div>
        </div>
        <div class="error-info">
    Error: <span class="error-message"><pre>Assert.Inconclusive failed. Test not implemented</pre></span><br>
    Stack trace: <span class="error-stack-trace"><pre>   at FsInfoCat.UnitTests.LocalRedundantSetUnitTest.RedundantSetContentInfoTestMethod() in C:\Users\lerwi\Git\FsInfoCat\FsInfoCat\FsInfoCat.UnitTests\LocalRedundantSetUnitTest.cs:line 62
</pre></span><br></div>
      </div>
      <div class="leaf-division">
        <div><span class="fail">✘</span><span> FsInfoCat.UnitTests.LocalRedundantSetUnitTest.RedundantSetRemediationStatusTestMethod</span><div class="duration"><span>3ms</span><br></div>
        </div>
        <div class="error-info">
    Error: <span class="error-message"><pre>Assert.Inconclusive failed. Test not implemented</pre></span><br>
    Stack trace: <span class="error-stack-trace"><pre>   at FsInfoCat.UnitTests.LocalRedundantSetUnitTest.RedundantSetRemediationStatusTestMethod() in C:\Users\lerwi\Git\FsInfoCat\FsInfoCat\FsInfoCat.UnitTests\LocalRedundantSetUnitTest.cs:line 107
</pre></span><br></div>
      </div>
      <div class="leaf-division">
        <div><span class="fail">✘</span><span> FsInfoCat.UnitTests.LocalRedundantSetUnitTest.RedundantSetReferenceTestMethod</span><div class="duration"><span>3ms</span><br></div>
        </div>
        <div class="error-info">
    Error: <span class="error-message"><pre>Assert.Inconclusive failed. Test not implemented</pre></span><br>
    Stack trace: <span class="error-stack-trace"><pre>   at FsInfoCat.UnitTests.LocalRedundantSetUnitTest.RedundantSetReferenceTestMethod() in C:\Users\lerwi\Git\FsInfoCat\FsInfoCat\FsInfoCat.UnitTests\LocalRedundantSetUnitTest.cs:line 152
</pre></span><br></div>
      </div>
      <div class="leaf-division">
        <div><span class="fail">✘</span><span> FsInfoCat.UnitTests.LocalRedundantSetUnitTest.RedundantSetCreatedOnTestMethod</span><div class="duration"><span>3ms</span><br></div>
        </div>
        <div class="error-info">
    Error: <span class="error-message"><pre>Assert.Inconclusive failed. Test not implemented</pre></span><br>
    Stack trace: <span class="error-stack-trace"><pre>   at FsInfoCat.UnitTests.LocalRedundantSetUnitTest.RedundantSetCreatedOnTestMethod() in C:\Users\lerwi\Git\FsInfoCat\FsInfoCat\FsInfoCat.UnitTests\LocalRedundantSetUnitTest.cs:line 197
</pre></span><br></div>
      </div>
      <div class="leaf-division">
        <div><span class="fail">✘</span><span> FsInfoCat.UnitTests.LocalRedundantSetUnitTest.RedundantSetLastSynchronizedOnTestMethod</span><div class="duration"><span>4ms</span><br></div>
        </div>
        <div class="error-info">
    Error: <span class="error-message"><pre>Assert.Inconclusive failed. Test not implemented</pre></span><br>
    Stack trace: <span class="error-stack-trace"><pre>   at FsInfoCat.UnitTests.LocalRedundantSetUnitTest.RedundantSetLastSynchronizedOnTestMethod() in C:\Users\lerwi\Git\FsInfoCat\FsInfoCat\FsInfoCat.UnitTests\LocalRedundantSetUnitTest.cs:line 236
</pre></span><br></div>
      </div>
      <div class="leaf-division">
        <div><span class="fail">✘</span><span> FsInfoCat.UnitTests.LocalSubdirectoryUnitTest.SubdirectoryAddRemoveTestMethod</span><div class="duration"><span>98ms</span><br></div>
        </div>
        <div class="error-info">
    Error: <span class="error-message"><pre>Test method FsInfoCat.UnitTests.LocalSubdirectoryUnitTest.SubdirectoryAddRemoveTestMethod threw exception: 
System.ComponentModel.DataAnnotations.ValidationException: Name is required.</pre></span><br>
    Stack trace: <span class="error-stack-trace"><pre>    at System.ComponentModel.DataAnnotations.Validator.ValidationError.ThrowValidationException()
   at System.ComponentModel.DataAnnotations.Validator.ValidateObject(Object instance, ValidationContext validationContext, Boolean validateAllProperties)
   at FsInfoCat.Local.LocalDbContext.SaveChanges() in C:\Users\lerwi\Git\FsInfoCat\FsInfoCat\FsInfoCat.Local\LocalDbContext.cs:line 99
   at FsInfoCat.UnitTests.LocalSubdirectoryUnitTest.SubdirectoryAddRemoveTestMethod() in C:\Users\lerwi\Git\FsInfoCat\FsInfoCat\FsInfoCat.UnitTests\LocalSubdirectoryUnitTest.cs:line 44
</pre></span><br></div>
      </div>
      <div class="leaf-division">
        <div><span class="fail">✘</span><span> FsInfoCat.UnitTests.LocalSubdirectoryUnitTest.SubdirectoryNameTestMethod</span><div class="duration"><span>10ms</span><br></div>
        </div>
        <div class="error-info">
    Error: <span class="error-message"><pre>Test method FsInfoCat.UnitTests.LocalSubdirectoryUnitTest.SubdirectoryNameTestMethod threw exception: 
System.ComponentModel.DataAnnotations.ValidationException: Name is required.</pre></span><br>
    Stack trace: <span class="error-stack-trace"><pre>    at System.ComponentModel.DataAnnotations.Validator.ValidationError.ThrowValidationException()
   at System.ComponentModel.DataAnnotations.Validator.ValidateObject(Object instance, ValidationContext validationContext, Boolean validateAllProperties)
   at FsInfoCat.Local.LocalDbContext.SaveChanges() in C:\Users\lerwi\Git\FsInfoCat\FsInfoCat\FsInfoCat.Local\LocalDbContext.cs:line 99
   at FsInfoCat.UnitTests.LocalSubdirectoryUnitTest.SubdirectoryNameTestMethod() in C:\Users\lerwi\Git\FsInfoCat\FsInfoCat\FsInfoCat.UnitTests\LocalSubdirectoryUnitTest.cs:line 85
</pre></span><br></div>
      </div>
      <div class="leaf-division">
        <div><span class="fail">✘</span><span> FsInfoCat.UnitTests.LocalSubdirectoryUnitTest.SubdirectoryOptionsTestMethod</span><div class="duration"><span>6ms</span><br></div>
        </div>
        <div class="error-info">
    Error: <span class="error-message"><pre>Test method FsInfoCat.UnitTests.LocalSubdirectoryUnitTest.SubdirectoryOptionsTestMethod threw exception: 
System.ComponentModel.DataAnnotations.ValidationException: Name is required.</pre></span><br>
    Stack trace: <span class="error-stack-trace"><pre>    at System.ComponentModel.DataAnnotations.Validator.ValidationError.ThrowValidationException()
   at System.ComponentModel.DataAnnotations.Validator.ValidateObject(Object instance, ValidationContext validationContext, Boolean validateAllProperties)
   at FsInfoCat.Local.LocalDbContext.SaveChanges() in C:\Users\lerwi\Git\FsInfoCat\FsInfoCat\FsInfoCat.Local\LocalDbContext.cs:line 99
   at FsInfoCat.UnitTests.LocalSubdirectoryUnitTest.SubdirectoryOptionsTestMethod() in C:\Users\lerwi\Git\FsInfoCat\FsInfoCat\FsInfoCat.UnitTests\LocalSubdirectoryUnitTest.cs:line 246
</pre></span><br></div>
      </div>
      <div class="leaf-division">
        <div><span class="fail">✘</span><span> FsInfoCat.UnitTests.LocalSubdirectoryUnitTest.SubdirectoryCreatedOnTestMethod</span><div class="duration"><span>9ms</span><br></div>
        </div>
        <div class="error-info">
    Error: <span class="error-message"><pre>Test method FsInfoCat.UnitTests.LocalSubdirectoryUnitTest.SubdirectoryCreatedOnTestMethod threw exception: 
System.ComponentModel.DataAnnotations.ValidationException: Name is required.</pre></span><br>
    Stack trace: <span class="error-stack-trace"><pre>    at System.ComponentModel.DataAnnotations.Validator.ValidationError.ThrowValidationException()
   at System.ComponentModel.DataAnnotations.Validator.ValidateObject(Object instance, ValidationContext validationContext, Boolean validateAllProperties)
   at FsInfoCat.Local.LocalDbContext.SaveChanges() in C:\Users\lerwi\Git\FsInfoCat\FsInfoCat\FsInfoCat.Local\LocalDbContext.cs:line 99
   at FsInfoCat.UnitTests.LocalSubdirectoryUnitTest.SubdirectoryCreatedOnTestMethod() in C:\Users\lerwi\Git\FsInfoCat\FsInfoCat\FsInfoCat.UnitTests\LocalSubdirectoryUnitTest.cs:line 289
</pre></span><br></div>
      </div>
      <div class="leaf-division">
        <div><span class="fail">✘</span><span> FsInfoCat.UnitTests.LocalSubdirectoryUnitTest.SubdirectoryLastSynchronizedOnTestMethod</span><div class="duration"><span>8ms</span><br></div>
        </div>
        <div class="error-info">
    Error: <span class="error-message"><pre>Test method FsInfoCat.UnitTests.LocalSubdirectoryUnitTest.SubdirectoryLastSynchronizedOnTestMethod threw exception: 
System.ComponentModel.DataAnnotations.ValidationException: Name is required.</pre></span><br>
    Stack trace: <span class="error-stack-trace"><pre>    at System.ComponentModel.DataAnnotations.Validator.ValidationError.ThrowValidationException()
   at System.ComponentModel.DataAnnotations.Validator.ValidateObject(Object instance, ValidationContext validationContext, Boolean validateAllProperties)
   at FsInfoCat.Local.LocalDbContext.SaveChanges() in C:\Users\lerwi\Git\FsInfoCat\FsInfoCat\FsInfoCat.Local\LocalDbContext.cs:line 99
   at FsInfoCat.UnitTests.LocalSubdirectoryUnitTest.SubdirectoryLastSynchronizedOnTestMethod() in C:\Users\lerwi\Git\FsInfoCat\FsInfoCat\FsInfoCat.UnitTests\LocalSubdirectoryUnitTest.cs:line 340
</pre></span><br></div>
      </div>
      <div class="leaf-division">
        <div><span class="fail">✘</span><span> FsInfoCat.UnitTests.LocalSymbolicNameUnitTest.SymbolicNameAddRemoveTestMethod</span><div class="duration"><span>56ms</span><br></div>
        </div>
        <div class="error-info">
    Error: <span class="error-message"><pre>Assert.IsTrue failed. </pre></span><br>
    Stack trace: <span class="error-stack-trace"><pre>   at FsInfoCat.UnitTests.LocalSymbolicNameUnitTest.SymbolicNameAddRemoveTestMethod() in C:\Users\lerwi\Git\FsInfoCat\FsInfoCat\FsInfoCat.UnitTests\LocalSymbolicNameUnitTest.cs:line 37
</pre></span><br></div>
      </div>
      <div class="leaf-division">
        <div><span class="fail">✘</span><span> FsInfoCat.UnitTests.LocalSymbolicNameUnitTest.SymbolicNameNameTestMethod</span><div class="duration"><span>5ms</span><br></div>
        </div>
        <div class="error-info">
    Error: <span class="error-message"><pre>Assert.AreEqual failed. Expected:&lt;1&gt;. Actual:&lt;2&gt;. </pre></span><br>
    Stack trace: <span class="error-stack-trace"><pre>   at FsInfoCat.UnitTests.LocalSymbolicNameUnitTest.SymbolicNameNameTestMethod() in C:\Users\lerwi\Git\FsInfoCat\FsInfoCat\FsInfoCat.UnitTests\LocalSymbolicNameUnitTest.cs:line 82
</pre></span><br></div>
      </div>
      <div class="leaf-division">
        <div><span class="fail">✘</span><span> FsInfoCat.UnitTests.LocalSymbolicNameUnitTest.SymbolicNameFileSystemTestMethod</span><div class="duration"><span>31ms</span><br></div>
        </div>
        <div class="error-info">
    Error: <span class="error-message"><pre>Test method FsInfoCat.UnitTests.LocalSymbolicNameUnitTest.SymbolicNameFileSystemTestMethod threw exception: 
System.ComponentModel.DataAnnotations.ValidationException: Name is required.</pre></span><br>
    Stack trace: <span class="error-stack-trace"><pre>    at System.ComponentModel.DataAnnotations.Validator.ValidationError.ThrowValidationException()
   at System.ComponentModel.DataAnnotations.Validator.ValidateObject(Object instance, ValidationContext validationContext, Boolean validateAllProperties)
   at FsInfoCat.Local.LocalDbContext.SaveChanges() in C:\Users\lerwi\Git\FsInfoCat\FsInfoCat\FsInfoCat.Local\LocalDbContext.cs:line 99
   at FsInfoCat.UnitTests.LocalSymbolicNameUnitTest.SymbolicNameFileSystemTestMethod() in C:\Users\lerwi\Git\FsInfoCat\FsInfoCat\FsInfoCat.UnitTests\LocalSymbolicNameUnitTest.cs:line 180
</pre></span><br></div>
      </div>
      <div class="leaf-division">
        <div><span class="fail">✘</span><span> FsInfoCat.UnitTests.LocalSymbolicNameUnitTest.SymbolicNameCreatedOnTestMethod</span><div class="duration"><span>8ms</span><br></div>
        </div>
        <div class="error-info">
    Error: <span class="error-message"><pre>Test method FsInfoCat.UnitTests.LocalSymbolicNameUnitTest.SymbolicNameCreatedOnTestMethod threw exception: 
System.ComponentModel.DataAnnotations.ValidationException: Name is required.</pre></span><br>
    Stack trace: <span class="error-stack-trace"><pre>    at System.ComponentModel.DataAnnotations.Validator.ValidationError.ThrowValidationException()
   at System.ComponentModel.DataAnnotations.Validator.ValidateObject(Object instance, ValidationContext validationContext, Boolean validateAllProperties)
   at FsInfoCat.Local.LocalDbContext.SaveChanges() in C:\Users\lerwi\Git\FsInfoCat\FsInfoCat\FsInfoCat.Local\LocalDbContext.cs:line 99
   at FsInfoCat.UnitTests.LocalSymbolicNameUnitTest.SymbolicNameCreatedOnTestMethod() in C:\Users\lerwi\Git\FsInfoCat\FsInfoCat\FsInfoCat.UnitTests\LocalSymbolicNameUnitTest.cs:line 194
</pre></span><br></div>
      </div>
      <div class="leaf-division">
        <div><span class="fail">✘</span><span> FsInfoCat.UnitTests.LocalSymbolicNameUnitTest.SymbolicNameLastSynchronizedOnTestMethod</span><div class="duration"><span>5ms</span><br></div>
        </div>
        <div class="error-info">
    Error: <span class="error-message"><pre>Assert.IsTrue failed. </pre></span><br>
    Stack trace: <span class="error-stack-trace"><pre>   at FsInfoCat.UnitTests.LocalSymbolicNameUnitTest.SymbolicNameLastSynchronizedOnTestMethod() in C:\Users\lerwi\Git\FsInfoCat\FsInfoCat\FsInfoCat.UnitTests\LocalSymbolicNameUnitTest.cs:line 235
</pre></span><br></div>
      </div>
      <div class="leaf-division">
        <div><span class="fail">✘</span><span> FsInfoCat.UnitTests.LocalVolumeUnitTest.VolumeAddRemoveTestMethod</span><div class="duration"><span>10ms</span><br></div>
        </div>
        <div class="error-info">
    Error: <span class="error-message"><pre>Test method FsInfoCat.UnitTests.LocalVolumeUnitTest.VolumeAddRemoveTestMethod threw exception: 
System.ComponentModel.DataAnnotations.ValidationException: Name is required.</pre></span><br>
    Stack trace: <span class="error-stack-trace"><pre>    at System.ComponentModel.DataAnnotations.Validator.ValidationError.ThrowValidationException()
   at System.ComponentModel.DataAnnotations.Validator.ValidateObject(Object instance, ValidationContext validationContext, Boolean validateAllProperties)
   at FsInfoCat.Local.LocalDbContext.SaveChanges() in C:\Users\lerwi\Git\FsInfoCat\FsInfoCat\FsInfoCat.Local\LocalDbContext.cs:line 99
   at FsInfoCat.UnitTests.LocalVolumeUnitTest.VolumeAddRemoveTestMethod() in C:\Users\lerwi\Git\FsInfoCat\FsInfoCat\FsInfoCat.UnitTests\LocalVolumeUnitTest.cs:line 43
</pre></span><br></div>
      </div>
      <div class="leaf-division">
        <div><span class="fail">✘</span><span> FsInfoCat.UnitTests.LocalVolumeUnitTest.VolumeIdentifierTestMethod</span><div class="duration"><span>10ms</span><br></div>
        </div>
        <div class="error-info">
    Error: <span class="error-message"><pre>Test method FsInfoCat.UnitTests.LocalVolumeUnitTest.VolumeIdentifierTestMethod threw exception: 
System.ComponentModel.DataAnnotations.ValidationException: Name is required.</pre></span><br>
    Stack trace: <span class="error-stack-trace"><pre>    at System.ComponentModel.DataAnnotations.Validator.ValidationError.ThrowValidationException()
   at System.ComponentModel.DataAnnotations.Validator.ValidateObject(Object instance, ValidationContext validationContext, Boolean validateAllProperties)
   at FsInfoCat.Local.LocalDbContext.SaveChanges() in C:\Users\lerwi\Git\FsInfoCat\FsInfoCat\FsInfoCat.Local\LocalDbContext.cs:line 99
   at FsInfoCat.UnitTests.LocalVolumeUnitTest.VolumeIdentifierTestMethod() in C:\Users\lerwi\Git\FsInfoCat\FsInfoCat\FsInfoCat.UnitTests\LocalVolumeUnitTest.cs:line 79
</pre></span><br></div>
      </div>
      <div class="leaf-division">
        <div><span class="fail">✘</span><span> FsInfoCat.UnitTests.LocalVolumeUnitTest.VolumeVolumeNameTestMethod</span><div class="duration"><span>24ms</span><br></div>
        </div>
        <div class="error-info">
    Error: <span class="error-message"><pre>Test method FsInfoCat.UnitTests.LocalVolumeUnitTest.VolumeVolumeNameTestMethod threw exception: 
System.ComponentModel.DataAnnotations.ValidationException: Name is required.</pre></span><br>
    Stack trace: <span class="error-stack-trace"><pre>    at System.ComponentModel.DataAnnotations.Validator.ValidationError.ThrowValidationException()
   at System.ComponentModel.DataAnnotations.Validator.ValidateObject(Object instance, ValidationContext validationContext, Boolean validateAllProperties)
   at FsInfoCat.Local.LocalDbContext.SaveChanges() in C:\Users\lerwi\Git\FsInfoCat\FsInfoCat\FsInfoCat.Local\LocalDbContext.cs:line 99
   at FsInfoCat.UnitTests.LocalVolumeUnitTest.VolumeVolumeNameTestMethod() in C:\Users\lerwi\Git\FsInfoCat\FsInfoCat\FsInfoCat.UnitTests\LocalVolumeUnitTest.cs:line 255
</pre></span><br></div>
      </div>
      <div class="leaf-division">
        <div><span class="fail">✘</span><span> FsInfoCat.UnitTests.LocalVolumeUnitTest.VolumeDisplayNameTestMethod</span><div class="duration"><span>17ms</span><br></div>
        </div>
        <div class="error-info">
    Error: <span class="error-message"><pre>Test method FsInfoCat.UnitTests.LocalVolumeUnitTest.VolumeDisplayNameTestMethod threw exception: 
System.ComponentModel.DataAnnotations.ValidationException: Name is required.</pre></span><br>
    Stack trace: <span class="error-stack-trace"><pre>    at System.ComponentModel.DataAnnotations.Validator.ValidationError.ThrowValidationException()
   at System.ComponentModel.DataAnnotations.Validator.ValidateObject(Object instance, ValidationContext validationContext, Boolean validateAllProperties)
   at FsInfoCat.Local.LocalDbContext.SaveChanges() in C:\Users\lerwi\Git\FsInfoCat\FsInfoCat\FsInfoCat.Local\LocalDbContext.cs:line 99
   at FsInfoCat.UnitTests.LocalVolumeUnitTest.VolumeDisplayNameTestMethod() in C:\Users\lerwi\Git\FsInfoCat\FsInfoCat\FsInfoCat.UnitTests\LocalVolumeUnitTest.cs:line 372
</pre></span><br></div>
      </div>
      <div class="leaf-division">
        <div><span class="fail">✘</span><span> FsInfoCat.UnitTests.LocalVolumeUnitTest.VolumeTypeTestMethod</span><div class="duration"><span>24ms</span><br></div>
        </div>
        <div class="error-info">
    Error: <span class="error-message"><pre>Test method FsInfoCat.UnitTests.LocalVolumeUnitTest.VolumeTypeTestMethod threw exception: 
System.ComponentModel.DataAnnotations.ValidationException: Name is required.</pre></span><br>
    Stack trace: <span class="error-stack-trace"><pre>    at System.ComponentModel.DataAnnotations.Validator.ValidationError.ThrowValidationException()
   at System.ComponentModel.DataAnnotations.Validator.ValidateObject(Object instance, ValidationContext validationContext, Boolean validateAllProperties)
   at FsInfoCat.Local.LocalDbContext.SaveChanges() in C:\Users\lerwi\Git\FsInfoCat\FsInfoCat\FsInfoCat.Local\LocalDbContext.cs:line 99
   at FsInfoCat.UnitTests.LocalVolumeUnitTest.VolumeTypeTestMethod() in C:\Users\lerwi\Git\FsInfoCat\FsInfoCat\FsInfoCat.UnitTests\LocalVolumeUnitTest.cs:line 486
</pre></span><br></div>
      </div>
      <div class="leaf-division">
        <div><span class="fail">✘</span><span> FsInfoCat.UnitTests.LocalVolumeUnitTest.VolumeFileSystemTestMethod</span><div class="duration"><span>18ms</span><br></div>
        </div>
        <div class="error-info">
    Error: <span class="error-message"><pre>Test method FsInfoCat.UnitTests.LocalVolumeUnitTest.VolumeFileSystemTestMethod threw exception: 
System.ComponentModel.DataAnnotations.ValidationException: Name is required.</pre></span><br>
    Stack trace: <span class="error-stack-trace"><pre>    at System.ComponentModel.DataAnnotations.Validator.ValidationError.ThrowValidationException()
   at System.ComponentModel.DataAnnotations.Validator.ValidateObject(Object instance, ValidationContext validationContext, Boolean validateAllProperties)
   at FsInfoCat.Local.LocalDbContext.SaveChanges() in C:\Users\lerwi\Git\FsInfoCat\FsInfoCat\FsInfoCat.Local\LocalDbContext.cs:line 99
   at FsInfoCat.UnitTests.LocalVolumeUnitTest.VolumeFileSystemTestMethod() in C:\Users\lerwi\Git\FsInfoCat\FsInfoCat\FsInfoCat.UnitTests\LocalVolumeUnitTest.cs:line 533
</pre></span><br></div>
      </div>
      <div class="leaf-division">
        <div><span class="fail">✘</span><span> FsInfoCat.UnitTests.LocalVolumeUnitTest.VolumeStatusTestMethod</span><div class="duration"><span>27ms</span><br></div>
        </div>
        <div class="error-info">
    Error: <span class="error-message"><pre>Test method FsInfoCat.UnitTests.LocalVolumeUnitTest.VolumeStatusTestMethod threw exception: 
System.ComponentModel.DataAnnotations.ValidationException: Name is required.</pre></span><br>
    Stack trace: <span class="error-stack-trace"><pre>    at System.ComponentModel.DataAnnotations.Validator.ValidationError.ThrowValidationException()
   at System.ComponentModel.DataAnnotations.Validator.ValidateObject(Object instance, ValidationContext validationContext, Boolean validateAllProperties)
   at FsInfoCat.Local.LocalDbContext.SaveChanges() in C:\Users\lerwi\Git\FsInfoCat\FsInfoCat\FsInfoCat.Local\LocalDbContext.cs:line 99
   at FsInfoCat.UnitTests.LocalVolumeUnitTest.VolumeStatusTestMethod() in C:\Users\lerwi\Git\FsInfoCat\FsInfoCat\FsInfoCat.UnitTests\LocalVolumeUnitTest.cs:line 609
</pre></span><br></div>
      </div>
      <div class="leaf-division">
        <div><span class="fail">✘</span><span> FsInfoCat.UnitTests.LocalVolumeUnitTest.VolumeMaxNameLengthTestMethod</span><div class="duration"><span>26ms</span><br></div>
        </div>
        <div class="error-info">
    Error: <span class="error-message"><pre>Test method FsInfoCat.UnitTests.LocalVolumeUnitTest.VolumeMaxNameLengthTestMethod threw exception: 
System.ComponentModel.DataAnnotations.ValidationException: Name is required.</pre></span><br>
    Stack trace: <span class="error-stack-trace"><pre>    at System.ComponentModel.DataAnnotations.Validator.ValidationError.ThrowValidationException()
   at System.ComponentModel.DataAnnotations.Validator.ValidateObject(Object instance, ValidationContext validationContext, Boolean validateAllProperties)
   at FsInfoCat.Local.LocalDbContext.SaveChanges() in C:\Users\lerwi\Git\FsInfoCat\FsInfoCat\FsInfoCat.Local\LocalDbContext.cs:line 99
   at FsInfoCat.UnitTests.LocalVolumeUnitTest.VolumeMaxNameLengthTestMethod() in C:\Users\lerwi\Git\FsInfoCat\FsInfoCat\FsInfoCat.UnitTests\LocalVolumeUnitTest.cs:line 658
</pre></span><br></div>
      </div>
      <div class="leaf-division">
        <div><span class="fail">✘</span><span> FsInfoCat.UnitTests.LocalVolumeUnitTest.VolumeCreatedOnTestMethod</span><div class="duration"><span>8ms</span><br></div>
        </div>
        <div class="error-info">
    Error: <span class="error-message"><pre>Test method FsInfoCat.UnitTests.LocalVolumeUnitTest.VolumeCreatedOnTestMethod threw exception: 
System.ComponentModel.DataAnnotations.ValidationException: Name is required.</pre></span><br>
    Stack trace: <span class="error-stack-trace"><pre>    at System.ComponentModel.DataAnnotations.Validator.ValidationError.ThrowValidationException()
   at System.ComponentModel.DataAnnotations.Validator.ValidateObject(Object instance, ValidationContext validationContext, Boolean validateAllProperties)
   at FsInfoCat.Local.LocalDbContext.SaveChanges() in C:\Users\lerwi\Git\FsInfoCat\FsInfoCat\FsInfoCat.Local\LocalDbContext.cs:line 99
   at FsInfoCat.UnitTests.LocalVolumeUnitTest.VolumeCreatedOnTestMethod() in C:\Users\lerwi\Git\FsInfoCat\FsInfoCat\FsInfoCat.UnitTests\LocalVolumeUnitTest.cs:line 702
</pre></span><br></div>
      </div>
      <div class="leaf-division">
        <div><span class="fail">✘</span><span> FsInfoCat.UnitTests.LocalVolumeUnitTest.VolumeLastSynchronizedOnTestMethod</span><div class="duration"><span>13ms</span><br></div>
        </div>
        <div class="error-info">
    Error: <span class="error-message"><pre>Test method FsInfoCat.UnitTests.LocalVolumeUnitTest.VolumeLastSynchronizedOnTestMethod threw exception: 
System.ComponentModel.DataAnnotations.ValidationException: Name is required.</pre></span><br>
    Stack trace: <span class="error-stack-trace"><pre>    at System.ComponentModel.DataAnnotations.Validator.ValidationError.ThrowValidationException()
   at System.ComponentModel.DataAnnotations.Validator.ValidateObject(Object instance, ValidationContext validationContext, Boolean validateAllProperties)
   at FsInfoCat.Local.LocalDbContext.SaveChanges() in C:\Users\lerwi\Git\FsInfoCat\FsInfoCat\FsInfoCat.Local\LocalDbContext.cs:line 99
   at FsInfoCat.UnitTests.LocalVolumeUnitTest.VolumeLastSynchronizedOnTestMethod() in C:\Users\lerwi\Git\FsInfoCat\FsInfoCat\FsInfoCat.UnitTests\LocalVolumeUnitTest.cs:line 748
</pre></span><br></div>
      </div>
    </div>
  </body><script language="javascript">
        function ToggleClass(id) {
        var elem = document.getElementById(id);
        if (elem.style.display == "none") {
        elem.style.display = "block";
        }
        else {
        elem.style.display = "none";
        }
        }
      </script><style>
        body { font-family: Calibri, Verdana, Arial, sans-serif; background-color: White; color: Black; }
        h2 {
        margin-top: 15px;
        margin-bottom:10px;
        }
        pre {
        white-space: pre-wrap;
        }
        .summary {font-family:monospace;
        display: -webkit-flex; /* Safari */
        -webkit-flex-wrap: wrap; /* Safari 6.1+ */
        display: flex;
        flex-wrap: wrap;
        }
        .row {
        border: 2px solid #ffffff;
        width:100%;
        cursor:pointer;
        background-color:#d7e9fa;
        }
        .list-row {
        border: 2px solid #ffffff;
        width:100%;
        cursor:pointer;
        background-color:#ffffff;
        }
        .inner-row{
        border: 2px solid #ffffff;
        padding-left:1%;
        margin-left:1%;
        background-color:#ffffff;
        }
        .block{
        width : 150px;
        }
        .leaf-division{
        border: 2px solid #ffffff;
        background-color:#e6eff7;
        }
        .pass { color: #0c0; }
        .fail { color: #c00; }
        .error-message { color : brown; }
        .error-stack-trace { color: brown; }
        .duration {float:right;padding-right:1%;}
        .total-tests { font-size : 30px}
        .test-run-time { font-size : 30px}
        .pass-percentage { font-size : 30px}
        .error-info{
        margin-left:16px;
        }
      </style>
</html>